<?xml version="1.0" encoding="UTF-8"?>
<!-- Generated by org.testng.reporters.JUnitXMLReporter -->
<testsuite ignored="0" hostname="DESKTOP-NSC1MUD" failures="0" tests="12" name="Desktop Tests" time="549.175" errors="0" timestamp="2026-03-02T21:10:23 IST">
  <testcase classname="com.deltaone.tests.AddTickersTest" name="addTickersFromExcel" time="57.962"/>
  <testcase classname="com.deltaone.tests.AddTickersTest" name="addTickersFromExcel" time="39.338"/>
  <testcase classname="com.deltaone.tests.AddTickersTest" name="addTickersFromExcel" time="32.062"/>
  <testcase classname="com.deltaone.tests.AddTickersTest" name="addTickersFromExcel" time="82.753"/>
  <testcase classname="com.deltaone.tests.AddTickersTest" name="addTickersFromExcel" time="48.114"/>
  <testcase classname="com.deltaone.tests.AddTickersTest" name="addTickersFromExcel" time="36.194"/>
  <testcase classname="com.deltaone.tests.AddTickersTest" name="addTickersFromExcel" time="41.131"/>
  <testcase classname="com.deltaone.tests.AddTickersTest" name="addTickersFromExcel" time="39.765"/>
  <testcase classname="com.deltaone.tests.AddTickersTest" name="addTickersFromExcel" time="43.416"/>
  <testcase classname="com.deltaone.tests.AddTickersTest" name="addTickersFromExcel" time="39.721"/>
  <testcase classname="com.deltaone.tests.AddTickersTest" name="addTickersFromExcel" time="39.266"/>
  <testcase classname="com.deltaone.tests.AddTickersTest" name="addTickersFromExcel" time="36.702"/>
</testsuite> <!-- Desktop Tests -->
