<?xml version="1.0" encoding="UTF-8"?>
<testsuite xmlns:xsi="http://www.w3.org/2001/XMLSchema-instance" xsi:noNamespaceSchemaLocation="https://maven.apache.org/surefire/maven-surefire-plugin/xsd/surefire-test-report-3.0.xsd" version="3.0" name="TestSuite" time="551.034" tests="12" errors="0" skipped="0" failures="0">
  <properties>
[...]
</properties>
  <testcase name="addTickersFromExcel[MSFT](1)" classname="com.deltaone.tests.AddTickersTest" time="57.941">
    <system-out><![CDATA[21:01:13.019 [main] DEBUG org.testng.TestNG -- suiteXmlPath: "C:\Users\Archana\eclipse-workspace\delta1-automation\testng.xml"
&amp#27;[1m&amp#27;[32m>>> [STEP]: &amp#27;[0m&amp#27;[36mAppium Server started on port: 4725&amp#27;[0m
&amp#27;[1m&amp#27;[32m>>> [STEP]: &amp#27;[0m&amp#27;[36mAppium Server started on port: 4725&amp#27;[0m
21:01:14.004 [main] DEBUG io.netty.util.internal.logging.InternalLoggerFactory -- Using SLF4J as the default logging framework
21:01:14.008 [main] DEBUG io.netty.util.ResourceLeakDetector -- -Dio.netty.leakDetection.level: simple
21:01:14.008 [main] DEBUG io.netty.util.ResourceLeakDetector -- -Dio.netty.leakDetection.targetRecords: 4
21:01:14.012 [main] DEBUG io.netty.util.ResourceLeakDetectorFactory -- Loaded default ResourceLeakDetector: io.netty.util.ResourceLeakDetector@793138bd
21:01:14.030 [main] DEBUG io.netty.util.internal.PlatformDependent0 -- -Dio.netty.noUnsafe: true
21:01:14.030 [main] DEBUG io.netty.util.internal.PlatformDependent0 -- sun.misc.Unsafe: unavailable (io.netty.noUnsafe)
21:01:14.030 [main] DEBUG io.netty.util.internal.PlatformDependent0 -- Java version: 21
21:01:14.031 [main] DEBUG io.netty.util.internal.PlatformDependent0 -- java.nio.DirectByteBuffer.<init>(long, int): unavailable
21:01:14.033 [main] DEBUG io.netty.util.internal.PlatformDependent -- maxDirectMemory: 4204789760 bytes (maybe)
21:01:14.033 [main] DEBUG io.netty.util.internal.PlatformDependent -- -Dio.netty.tmpdir: C:\Users\Archana\AppData\Local\Temp (java.io.tmpdir)
21:01:14.033 [main] DEBUG io.netty.util.internal.PlatformDependent -- -Dio.netty.bitMode: 64 (sun.arch.data.model)
21:01:14.034 [main] DEBUG io.netty.util.internal.PlatformDependent -- Platform: Windows
21:01:14.034 [main] DEBUG io.netty.util.internal.PlatformDependent -- -Dio.netty.maxDirectMemory: -1 bytes
21:01:14.034 [main] DEBUG io.netty.util.internal.PlatformDependent -- -Dio.netty.uninitializedArrayAllocationThreshold: -1
21:01:14.035 [main] DEBUG io.netty.util.internal.CleanerJava9 -- java.nio.ByteBuffer.cleaner(): unavailable
java.lang.UnsupportedOperationException: sun.misc.Unsafe unavailable
	at io.netty.util.internal.CleanerJava9.<clinit>(CleanerJava9.java:68)
	at io.netty.util.internal.PlatformDependent.<clinit>(PlatformDependent.java:193)
	at io.netty.util.HashedWheelTimer.<init>(HashedWheelTimer.java:114)
	at io.netty.util.HashedWheelTimer.<init>(HashedWheelTimer.java:251)
	at io.netty.util.HashedWheelTimer.<init>(HashedWheelTimer.java:224)
	at io.netty.util.HashedWheelTimer.<init>(HashedWheelTimer.java:203)
	at org.asynchttpclient.DefaultAsyncHttpClient.newNettyTimer(DefaultAsyncHttpClient.java:111)
	at org.asynchttpclient.DefaultAsyncHttpClient.<init>(DefaultAsyncHttpClient.java:90)
	at org.asynchttpclient.Dsl.asyncHttpClient(Dsl.java:32)
	at org.openqa.selenium.remote.http.netty.NettyClient.createHttpClient(NettyClient.java:94)
	at org.openqa.selenium.remote.http.netty.NettyClient.<clinit>(NettyClient.java:47)
	at org.openqa.selenium.remote.http.netty.NettyClient$Factory.createClient(NettyClient.java:135)
	at org.openqa.selenium.remote.HttpCommandExecutor.<init>(HttpCommandExecutor.java:116)
	at io.appium.java_client.remote.AppiumCommandExecutor.<init>(AppiumCommandExecutor.java:81)
	at io.appium.java_client.remote.AppiumCommandExecutor.<init>(AppiumCommandExecutor.java:108)
	at io.appium.java_client.AppiumDriver.<init>(AppiumDriver.java:101)
	at io.appium.java_client.windows.WindowsDriver.<init>(WindowsDriver.java:50)
	at com.deltaone.tests.BaseTest.setUp(BaseTest.java:120)
	at java.base/jdk.internal.reflect.DirectMethodHandleAccessor.invoke(DirectMethodHandleAccessor.java:103)
	at java.base/java.lang.reflect.Method.invoke(Method.java:580)
	at org.testng.internal.invokers.MethodInvocationHelper.invokeMethod(MethodInvocationHelper.java:141)
	at org.testng.internal.invokers.MethodInvocationHelper.invokeMethodConsideringTimeout(MethodInvocationHelper.java:71)
	at org.testng.internal.invokers.ConfigInvoker.invokeConfigurationMethod(ConfigInvoker.java:400)
	at org.testng.internal.invokers.ConfigInvoker.invokeConfigurations(ConfigInvoker.java:333)
	at org.testng.internal.invokers.TestMethodWorker.invokeBeforeClassMethods(TestMethodWorker.java:188)
	at org.testng.internal.invokers.TestMethodWorker.run(TestMethodWorker.java:128)
	at java.base/java.util.ArrayList.forEach(ArrayList.java:1596)
	at org.testng.TestRunner.privateRun(TestRunner.java:739)
	at org.testng.TestRunner.run(TestRunner.java:614)
	at org.testng.SuiteRunner.runTest(SuiteRunner.java:421)
	at org.testng.SuiteRunner.runSequentially(SuiteRunner.java:413)
	at org.testng.SuiteRunner.privateRun(SuiteRunner.java:373)
	at org.testng.SuiteRunner.run(SuiteRunner.java:312)
	at org.testng.SuiteRunnerWorker.runSuite(SuiteRunnerWorker.java:52)
	at org.testng.SuiteRunnerWorker.run(SuiteRunnerWorker.java:95)
	at org.testng.TestNG.runSuitesSequentially(TestNG.java:1274)
	at org.testng.TestNG.runSuitesLocally(TestNG.java:1208)
	at org.testng.TestNG.runSuites(TestNG.java:1112)
	at org.testng.TestNG.run(TestNG.java:1079)
	at org.apache.maven.surefire.testng.TestNGExecutor.run(TestNGExecutor.java:308)
	at org.apache.maven.surefire.testng.TestNGXmlTestSuite.execute(TestNGXmlTestSuite.java:71)
	at org.apache.maven.surefire.testng.TestNGProvider.invoke(TestNGProvider.java:113)
	at org.apache.maven.surefire.booter.ForkedBooter.runSuitesInProcess(ForkedBooter.java:385)
	at org.apache.maven.surefire.booter.ForkedBooter.execute(ForkedBooter.java:162)
	at org.apache.maven.surefire.booter.ForkedBooter.run(ForkedBooter.java:507)
	at org.apache.maven.surefire.booter.ForkedBooter.main(ForkedBooter.java:495)
21:01:14.038 [main] DEBUG io.netty.util.internal.PlatformDependent -- -Dio.netty.noPreferDirect: true
21:01:14.047 [main] DEBUG io.netty.util.internal.PlatformDependent -- org.jctools-core.MpscChunkedArrayQueue: unavailable
21:01:14.068 [main] DEBUG io.netty.util.internal.InternalThreadLocalMap -- -Dio.netty.threadLocalMap.stringBuilder.initialSize: 1024
21:01:14.068 [main] DEBUG io.netty.util.internal.InternalThreadLocalMap -- -Dio.netty.threadLocalMap.stringBuilder.maxSize: 4096
21:01:14.267 [main] DEBUG io.netty.handler.ssl.JdkSslContext -- Default protocols (JDK): [TLSv1.3, TLSv1.2] 
21:01:14.268 [main] DEBUG io.netty.handler.ssl.JdkSslContext -- Default cipher suites (JDK): [TLS_ECDHE_ECDSA_WITH_AES_256_GCM_SHA384, TLS_ECDHE_ECDSA_WITH_AES_128_GCM_SHA256, TLS_ECDHE_RSA_WITH_AES_128_GCM_SHA256, TLS_ECDHE_RSA_WITH_AES_256_GCM_SHA384, TLS_ECDHE_RSA_WITH_AES_128_CBC_SHA, TLS_ECDHE_RSA_WITH_AES_256_CBC_SHA, TLS_RSA_WITH_AES_128_GCM_SHA256, TLS_RSA_WITH_AES_128_CBC_SHA, TLS_RSA_WITH_AES_256_CBC_SHA, TLS_AES_128_GCM_SHA256, TLS_AES_256_GCM_SHA384]
21:01:14.282 [main] DEBUG io.netty.util.concurrent.GlobalEventExecutor -- -Dio.netty.globalEventExecutor.quietPeriodSeconds: 1
21:01:14.296 [main] DEBUG io.netty.channel.MultithreadEventLoopGroup -- -Dio.netty.eventLoopThreads: 16
21:01:14.305 [main] DEBUG io.netty.channel.nio.NioEventLoop -- -Dio.netty.noKeySetOptimization: false
21:01:14.306 [main] DEBUG io.netty.channel.nio.NioEventLoop -- -Dio.netty.selectorAutoRebuildThreshold: 512
21:01:14.393 [main] DEBUG io.netty.buffer.PooledByteBufAllocator -- -Dio.netty.allocator.numHeapArenas: 16
21:01:14.393 [main] DEBUG io.netty.buffer.PooledByteBufAllocator -- -Dio.netty.allocator.numDirectArenas: 16
21:01:14.393 [main] DEBUG io.netty.buffer.PooledByteBufAllocator -- -Dio.netty.allocator.pageSize: 8192
21:01:14.393 [main] DEBUG io.netty.buffer.PooledByteBufAllocator -- -Dio.netty.allocator.maxOrder: 9
21:01:14.393 [main] DEBUG io.netty.buffer.PooledByteBufAllocator -- -Dio.netty.allocator.chunkSize: 4194304
21:01:14.393 [main] DEBUG io.netty.buffer.PooledByteBufAllocator -- -Dio.netty.allocator.smallCacheSize: 256
21:01:14.393 [main] DEBUG io.netty.buffer.PooledByteBufAllocator -- -Dio.netty.allocator.normalCacheSize: 64
21:01:14.393 [main] DEBUG io.netty.buffer.PooledByteBufAllocator -- -Dio.netty.allocator.maxCachedBufferCapacity: 32768
21:01:14.394 [main] DEBUG io.netty.buffer.PooledByteBufAllocator -- -Dio.netty.allocator.cacheTrimInterval: 8192
21:01:14.394 [main] DEBUG io.netty.buffer.PooledByteBufAllocator -- -Dio.netty.allocator.cacheTrimIntervalMillis: 0
21:01:14.394 [main] DEBUG io.netty.buffer.PooledByteBufAllocator -- -Dio.netty.allocator.useCacheForAllThreads: false
21:01:14.394 [main] DEBUG io.netty.buffer.PooledByteBufAllocator -- -Dio.netty.allocator.maxCachedByteBuffersPerChunk: 1023
21:01:14.408 [main] DEBUG io.netty.buffer.ByteBufUtil -- -Dio.netty.allocator.type: pooled
21:01:14.408 [main] DEBUG io.netty.buffer.ByteBufUtil -- -Dio.netty.threadLocalDirectBufferSize: 0
21:01:14.408 [main] DEBUG io.netty.buffer.ByteBufUtil -- -Dio.netty.maxThreadLocalCharBufferSize: 16384
21:01:14.674 [Forwarding newSession on session null to remote] DEBUG io.netty.channel.DefaultChannelId -- -Dio.netty.processId: 168048 (auto-detected)
21:01:14.677 [Forwarding newSession on session null to remote] DEBUG io.netty.util.NetUtil -- -Djava.net.preferIPv4Stack: false
21:01:14.679 [Forwarding newSession on session null to remote] DEBUG io.netty.util.NetUtil -- -Djava.net.preferIPv6Addresses: false
21:01:14.681 [Forwarding newSession on session null to remote] DEBUG io.netty.util.NetUtilInitializations -- Loopback interface: loopback_0 (Software Loopback Interface 1, 0:0:0:0:0:0:0:1)
21:01:14.683 [Forwarding newSession on session null to remote] DEBUG io.netty.util.NetUtil -- Failed to get SOMAXCONN from sysctl and file \proc\sys\net\core\somaxconn. Default: 200
21:01:14.685 [Forwarding newSession on session null to remote] DEBUG io.netty.channel.DefaultChannelId -- -Dio.netty.machineId: 80:c0:1e:ff:fe:2f:43:78 (auto-detected)
21:01:14.734 [AsyncHttpClient-1-2] DEBUG io.netty.buffer.AbstractByteBuf -- -Dio.netty.buffer.checkAccessible: true
21:01:14.734 [AsyncHttpClient-1-2] DEBUG io.netty.buffer.AbstractByteBuf -- -Dio.netty.buffer.checkBounds: true
21:01:14.734 [AsyncHttpClient-1-2] DEBUG io.netty.util.ResourceLeakDetectorFactory -- Loaded default ResourceLeakDetector: io.netty.util.ResourceLeakDetector@47b2b2a9
21:01:14.751 [AsyncHttpClient-1-2] DEBUG org.asynchttpclient.netty.channel.NettyConnectListener -- Using new Channel '[id: 0x4b817b84, L:/127.0.0.1:51774 - R:/127.0.0.1:4725]' for 'POST' to '/session'
21:01:14.769 [AsyncHttpClient-1-2] DEBUG io.netty.util.Recycler -- -Dio.netty.recycler.maxCapacityPerThread: 4096
21:01:14.769 [AsyncHttpClient-1-2] DEBUG io.netty.util.Recycler -- -Dio.netty.recycler.ratio: 8
21:01:14.769 [AsyncHttpClient-1-2] DEBUG io.netty.util.Recycler -- -Dio.netty.recycler.chunkSize: 32
21:01:14.769 [AsyncHttpClient-1-2] DEBUG io.netty.util.Recycler -- -Dio.netty.recycler.blocking: false
21:01:14.769 [AsyncHttpClient-1-2] DEBUG io.netty.util.Recycler -- -Dio.netty.recycler.batchFastThreadLocalOnly: true
21:01:16.241 [AsyncHttpClient-1-2] DEBUG io.netty.handler.codec.compression.Brotli -- brotli4j not in the classpath; Brotli support will be unavailable.
21:01:16.241 [AsyncHttpClient-1-2] DEBUG org.asynchttpclient.netty.handler.HttpHandler -- 

Request DefaultHttpRequest(decodeResult: success, version: HTTP/1.1)
POST /session HTTP/1.1
X-Idempotency-Key: 3f02c527-6e86-470c-b636-fa81fc67c9b1
User-Agent: appium/8.5.1 (selenium/4.9.1 (java windows))
Content-Length: 199
Content-Type: application/json; charset=utf-8
host: 127.0.0.1:4725
accept: */*

Response DefaultHttpResponse(decodeResult: success, version: HTTP/1.1)
HTTP/1.1 200 OK
X-Powered-By: Express
Vary: X-HTTP-Method-Override
Content-Type: application/json; charset=utf-8
Content-Length: 144
ETag: W/"90-zG+2cQ5MhBu/93OUMdffMC3XFlY"
Date: Mon, 02 Mar 2026 15:31:16 GMT
Connection: keep-alive
Keep-Alive: timeout=600

21:01:16.249 [AsyncHttpClient-1-2] DEBUG org.asynchttpclient.netty.channel.ChannelManager -- Adding key: http://127.0.0.1:4725 for channel [id: 0x4b817b84, L:/127.0.0.1:51774 - R:/127.0.0.1:4725]
&amp#27;[1m&amp#27;[32m>>> [STEP]: &amp#27;[0m&amp#27;[36mSearching for Bloomberg Delta One window...&amp#27;[0m
21:01:16.355 [Forwarding findElement on session b4166b04-e93b-4381-8c13-64e23523b258 to remote] DEBUG org.asynchttpclient.netty.request.NettyRequestSender -- Using pooled Channel '[id: 0x4b817b84, L:/127.0.0.1:51774 - R:/127.0.0.1:4725]' for 'POST' to 'http://127.0.0.1:4725/session/b4166b04-e93b-4381-8c13-64e23523b258/element'
21:01:16.355 [Forwarding findElement on session b4166b04-e93b-4381-8c13-64e23523b258 to remote] DEBUG org.asynchttpclient.netty.request.NettyRequestSender -- Using open Channel [id: 0x4b817b84, L:/127.0.0.1:51774 - R:/127.0.0.1:4725] for POST '/session/b4166b04-e93b-4381-8c13-64e23523b258/element'
21:01:16.514 [AsyncHttpClient-1-2] DEBUG org.asynchttpclient.netty.handler.HttpHandler -- 

Request DefaultHttpRequest(decodeResult: success, version: HTTP/1.1)
POST /session/b4166b04-e93b-4381-8c13-64e23523b258/element HTTP/1.1
User-Agent: appium/8.5.1 (selenium/4.9.1 (java windows))
Content-Length: 45
Content-Type: application/json; charset=utf-8
host: 127.0.0.1:4725
accept: */*

Response DefaultHttpResponse(decodeResult: success, version: HTTP/1.1)
HTTP/1.1 200 OK
X-Powered-By: Express
Vary: X-HTTP-Method-Override
Content-Type: application/json; charset=utf-8
Content-Length: 83
ETag: W/"53-7BlMhClXKVGpB6YxACxYBHIzobk"
Date: Mon, 02 Mar 2026 15:31:16 GMT
Connection: keep-alive
Keep-Alive: timeout=600

21:01:16.514 [AsyncHttpClient-1-2] DEBUG org.asynchttpclient.netty.channel.ChannelManager -- Adding key: http://127.0.0.1:4725 for channel [id: 0x4b817b84, L:/127.0.0.1:51774 - R:/127.0.0.1:4725]
21:01:16.520 [Forwarding getElementAttribute on session b4166b04-e93b-4381-8c13-64e23523b258 to remote] DEBUG org.asynchttpclient.netty.request.NettyRequestSender -- Using pooled Channel '[id: 0x4b817b84, L:/127.0.0.1:51774 - R:/127.0.0.1:4725]' for 'GET' to 'http://127.0.0.1:4725/session/b4166b04-e93b-4381-8c13-64e23523b258/element/42.593248/attribute/NativeWindowHandle'
21:01:16.520 [Forwarding getElementAttribute on session b4166b04-e93b-4381-8c13-64e23523b258 to remote] DEBUG org.asynchttpclient.netty.request.NettyRequestSender -- Using open Channel [id: 0x4b817b84, L:/127.0.0.1:51774 - R:/127.0.0.1:4725] for GET '/session/b4166b04-e93b-4381-8c13-64e23523b258/element/42.593248/attribute/NativeWindowHandle'
21:01:16.541 [AsyncHttpClient-1-2] DEBUG org.asynchttpclient.netty.handler.HttpHandler -- 

Request DefaultFullHttpRequest(decodeResult: success, version: HTTP/1.1, content: EmptyByteBufBE)
GET /session/b4166b04-e93b-4381-8c13-64e23523b258/element/42.593248/attribute/NativeWindowHandle HTTP/1.1
User-Agent: appium/8.5.1 (selenium/4.9.1 (java windows))
Cache-Control: no-cache
Content-Type: application/json; charset=utf-8
host: 127.0.0.1:4725
accept: */*

Response DefaultHttpResponse(decodeResult: success, version: HTTP/1.1)
HTTP/1.1 200 OK
X-Powered-By: Express
Content-Type: application/json; charset=utf-8
Content-Length: 18
ETag: W/"12-QEF9k7hivp33LE29ZrmZNNfmhEM"
Date: Mon, 02 Mar 2026 15:31:16 GMT
Connection: keep-alive
Keep-Alive: timeout=600

21:01:16.542 [AsyncHttpClient-1-2] DEBUG org.asynchttpclient.netty.channel.ChannelManager -- Adding key: http://127.0.0.1:4725 for channel [id: 0x4b817b84, L:/127.0.0.1:51774 - R:/127.0.0.1:4725]
&amp#27;[1m&amp#27;[32m>>> [STEP]: &amp#27;[0m&amp#27;[36mFound Window Handle: 90d60&amp#27;[0m
21:01:16.547 [Forwarding newSession on session null to remote] DEBUG org.asynchttpclient.netty.request.NettyRequestSender -- Using pooled Channel '[id: 0x4b817b84, L:/127.0.0.1:51774 - R:/127.0.0.1:4725]' for 'POST' to 'http://127.0.0.1:4725/session'
21:01:16.547 [Forwarding newSession on session null to remote] DEBUG org.asynchttpclient.netty.request.NettyRequestSender -- Using open Channel [id: 0x4b817b84, L:/127.0.0.1:51774 - R:/127.0.0.1:4725] for POST '/session'
&amp#27;[38;5;86m[HTTP]&amp#27;[0m Could not start REST http interface listener. The requested port may already be in use. Please make sure there is no other instance of this server running already.
&amp#27;[38;5;112m[Appium]&amp#27;[0m Could not configure Appium server. It's possible that a driver or plugin tried to update the server and failed. Original error: listen EADDRINUSE: address already in use 127.0.0.1:4725
&amp#27;[38;5;86m[HTTP]&amp#27;[0m Could not start REST http interface listener. The requested port may already be in use. Please make sure there is no other instance of this server running already.
&amp#27;[38;5;112m[Appium]&amp#27;[0m Could not configure Appium server. It's possible that a driver or plugin tried to update the server and failed. Original error: listen EADDRINUSE: address already in use 127.0.0.1:4725
21:01:18.072 [AsyncHttpClient-1-2] DEBUG org.asynchttpclient.netty.handler.HttpHandler -- 

Request DefaultHttpRequest(decodeResult: success, version: HTTP/1.1)
POST /session HTTP/1.1
X-Idempotency-Key: 1a270dec-9baa-4d13-9a0e-af651f1e078e
User-Agent: appium/8.5.1 (selenium/4.9.1 (java windows))
Content-Length: 248
Content-Type: application/json; charset=utf-8
host: 127.0.0.1:4725
accept: */*

Response DefaultHttpResponse(decodeResult: success, version: HTTP/1.1)
HTTP/1.1 200 OK
X-Powered-By: Express
Vary: X-HTTP-Method-Override
Content-Type: application/json; charset=utf-8
Content-Length: 183
ETag: W/"b7-ifxbblCYjOxkw0bCMgVzSB+R4WE"
Date: Mon, 02 Mar 2026 15:31:18 GMT
Connection: keep-alive
Keep-Alive: timeout=600

21:01:18.074 [AsyncHttpClient-1-2] DEBUG org.asynchttpclient.netty.channel.ChannelManager -- Adding key: http://127.0.0.1:4725 for channel [id: 0x4b817b84, L:/127.0.0.1:51774 - R:/127.0.0.1:4725]
&amp#27;[1m&amp#27;[32m>>> [STEP]: &amp#27;[0m&amp#27;[36mMain Driver Session established successfully.&amp#27;[0m
Initializing Column Settings...
21:01:18.103 [Forwarding findElement on session 42032dcb-f364-4750-ba3a-bfcb62399d74 to remote] DEBUG org.asynchttpclient.netty.request.NettyRequestSender -- Using pooled Channel '[id: 0x4b817b84, L:/127.0.0.1:51774 - R:/127.0.0.1:4725]' for 'POST' to 'http://127.0.0.1:4725/session/42032dcb-f364-4750-ba3a-bfcb62399d74/element'
21:01:18.103 [Forwarding findElement on session 42032dcb-f364-4750-ba3a-bfcb62399d74 to remote] DEBUG org.asynchttpclient.netty.request.NettyRequestSender -- Using open Channel [id: 0x4b817b84, L:/127.0.0.1:51774 - R:/127.0.0.1:4725] for POST '/session/42032dcb-f364-4750-ba3a-bfcb62399d74/element'
21:01:18.239 [AsyncHttpClient-1-2] DEBUG org.asynchttpclient.netty.handler.HttpHandler -- 

Request DefaultHttpRequest(decodeResult: success, version: HTTP/1.1)
POST /session/42032dcb-f364-4750-ba3a-bfcb62399d74/element HTTP/1.1
User-Agent: appium/8.5.1 (selenium/4.9.1 (java windows))
Content-Length: 58
Content-Type: application/json; charset=utf-8
host: 127.0.0.1:4725
accept: */*

Response DefaultHttpResponse(decodeResult: success, version: HTTP/1.1)
HTTP/1.1 200 OK
X-Powered-By: Express
Vary: X-HTTP-Method-Override
Content-Type: application/json; charset=utf-8
Content-Length: 97
ETag: W/"61-KI0mJJA0ortBC7wE83bETQutGfc"
Date: Mon, 02 Mar 2026 15:31:18 GMT
Connection: keep-alive
Keep-Alive: timeout=600

21:01:18.240 [AsyncHttpClient-1-2] DEBUG org.asynchttpclient.netty.channel.ChannelManager -- Adding key: http://127.0.0.1:4725 for channel [id: 0x4b817b84, L:/127.0.0.1:51774 - R:/127.0.0.1:4725]
21:01:18.244 [Forwarding clickElement on session 42032dcb-f364-4750-ba3a-bfcb62399d74 to remote] DEBUG org.asynchttpclient.netty.request.NettyRequestSender -- Using pooled Channel '[id: 0x4b817b84, L:/127.0.0.1:51774 - R:/127.0.0.1:4725]' for 'POST' to 'http://127.0.0.1:4725/session/42032dcb-f364-4750-ba3a-bfcb62399d74/element/7.70812.23814496/click'
21:01:18.244 [Forwarding clickElement on session 42032dcb-f364-4750-ba3a-bfcb62399d74 to remote] DEBUG org.asynchttpclient.netty.request.NettyRequestSender -- Using open Channel [id: 0x4b817b84, L:/127.0.0.1:51774 - R:/127.0.0.1:4725] for POST '/session/42032dcb-f364-4750-ba3a-bfcb62399d74/element/7.70812.23814496/click'
21:01:18.789 [AsyncHttpClient-1-2] DEBUG org.asynchttpclient.netty.handler.HttpHandler -- 

Request DefaultHttpRequest(decodeResult: success, version: HTTP/1.1)
POST /session/42032dcb-f364-4750-ba3a-bfcb62399d74/element/7.70812.23814496/click HTTP/1.1
User-Agent: appium/8.5.1 (selenium/4.9.1 (java windows))
Content-Length: 30
Content-Type: application/json; charset=utf-8
host: 127.0.0.1:4725
accept: */*

Response DefaultHttpResponse(decodeResult: success, version: HTTP/1.1)
HTTP/1.1 200 OK
X-Powered-By: Express
Vary: X-HTTP-Method-Override
Content-Type: application/json; charset=utf-8
Content-Length: 14
ETag: W/"e-9/1BuKMgFObM1mWJm+YjxtXJnUM"
Date: Mon, 02 Mar 2026 15:31:18 GMT
Connection: keep-alive
Keep-Alive: timeout=600

21:01:18.789 [AsyncHttpClient-1-2] DEBUG org.asynchttpclient.netty.channel.ChannelManager -- Adding key: http://127.0.0.1:4725 for channel [id: 0x4b817b84, L:/127.0.0.1:51774 - R:/127.0.0.1:4725]
21:01:18.834 [Forwarding findElement on session 42032dcb-f364-4750-ba3a-bfcb62399d74 to remote] DEBUG org.asynchttpclient.netty.request.NettyRequestSender -- Using pooled Channel '[id: 0x4b817b84, L:/127.0.0.1:51774 - R:/127.0.0.1:4725]' for 'POST' to 'http://127.0.0.1:4725/session/42032dcb-f364-4750-ba3a-bfcb62399d74/element'
21:01:18.834 [Forwarding findElement on session 42032dcb-f364-4750-ba3a-bfcb62399d74 to remote] DEBUG org.asynchttpclient.netty.request.NettyRequestSender -- Using open Channel [id: 0x4b817b84, L:/127.0.0.1:51774 - R:/127.0.0.1:4725] for POST '/session/42032dcb-f364-4750-ba3a-bfcb62399d74/element'
21:01:19.307 [AsyncHttpClient-1-2] DEBUG org.asynchttpclient.netty.handler.HttpHandler -- 

Request DefaultHttpRequest(decodeResult: success, version: HTTP/1.1)
POST /session/42032dcb-f364-4750-ba3a-bfcb62399d74/element HTTP/1.1
User-Agent: appium/8.5.1 (selenium/4.9.1 (java windows))
Content-Length: 46
Content-Type: application/json; charset=utf-8
host: 127.0.0.1:4725
accept: */*

Response DefaultHttpResponse(decodeResult: success, version: HTTP/1.1)
HTTP/1.1 200 OK
X-Powered-By: Express
Vary: X-HTTP-Method-Override
Content-Type: application/json; charset=utf-8
Content-Length: 97
ETag: W/"61-Y8y245ed0ZYgaF2rvulnzIDOZk4"
Date: Mon, 02 Mar 2026 15:31:19 GMT
Connection: keep-alive
Keep-Alive: timeout=600

21:01:19.308 [AsyncHttpClient-1-2] DEBUG org.asynchttpclient.netty.channel.ChannelManager -- Adding key: http://127.0.0.1:4725 for channel [id: 0x4b817b84, L:/127.0.0.1:51774 - R:/127.0.0.1:4725]
21:01:19.316 [Forwarding getElementAttribute on session 42032dcb-f364-4750-ba3a-bfcb62399d74 to remote] DEBUG org.asynchttpclient.netty.request.NettyRequestSender -- Using pooled Channel '[id: 0x4b817b84, L:/127.0.0.1:51774 - R:/127.0.0.1:4725]' for 'GET' to 'http://127.0.0.1:4725/session/42032dcb-f364-4750-ba3a-bfcb62399d74/element/7.70812.16336043/attribute/Toggle.ToggleState'
21:01:19.317 [Forwarding getElementAttribute on session 42032dcb-f364-4750-ba3a-bfcb62399d74 to remote] DEBUG org.asynchttpclient.netty.request.NettyRequestSender -- Using open Channel [id: 0x4b817b84, L:/127.0.0.1:51774 - R:/127.0.0.1:4725] for GET '/session/42032dcb-f364-4750-ba3a-bfcb62399d74/element/7.70812.16336043/attribute/Toggle.ToggleState'
21:01:19.365 [AsyncHttpClient-1-2] DEBUG org.asynchttpclient.netty.handler.HttpHandler -- 

Request DefaultFullHttpRequest(decodeResult: success, version: HTTP/1.1, content: EmptyByteBufBE)
GET /session/42032dcb-f364-4750-ba3a-bfcb62399d74/element/7.70812.16336043/attribute/Toggle.ToggleState HTTP/1.1
User-Agent: appium/8.5.1 (selenium/4.9.1 (java windows))
Cache-Control: no-cache
Content-Type: application/json; charset=utf-8
host: 127.0.0.1:4725
accept: */*

Response DefaultHttpResponse(decodeResult: success, version: HTTP/1.1)
HTTP/1.1 200 OK
X-Powered-By: Express
Content-Type: application/json; charset=utf-8
Content-Length: 13
ETag: W/"d-19pcZhU78qnxha5v6a9T/+MMUxo"
Date: Mon, 02 Mar 2026 15:31:19 GMT
Connection: keep-alive
Keep-Alive: timeout=600

21:01:19.366 [AsyncHttpClient-1-2] DEBUG org.asynchttpclient.netty.channel.ChannelManager -- Adding key: http://127.0.0.1:4725 for channel [id: 0x4b817b84, L:/127.0.0.1:51774 - R:/127.0.0.1:4725]
21:01:19.371 [Forwarding findElement on session 42032dcb-f364-4750-ba3a-bfcb62399d74 to remote] DEBUG org.asynchttpclient.netty.request.NettyRequestSender -- Using pooled Channel '[id: 0x4b817b84, L:/127.0.0.1:51774 - R:/127.0.0.1:4725]' for 'POST' to 'http://127.0.0.1:4725/session/42032dcb-f364-4750-ba3a-bfcb62399d74/element'
21:01:19.377 [Forwarding findElement on session 42032dcb-f364-4750-ba3a-bfcb62399d74 to remote] DEBUG org.asynchttpclient.netty.request.NettyRequestSender -- Using open Channel [id: 0x4b817b84, L:/127.0.0.1:51774 - R:/127.0.0.1:4725] for POST '/session/42032dcb-f364-4750-ba3a-bfcb62399d74/element'
21:01:19.493 [AsyncHttpClient-1-2] DEBUG org.asynchttpclient.netty.handler.HttpHandler -- 

Request DefaultHttpRequest(decodeResult: success, version: HTTP/1.1)
POST /session/42032dcb-f364-4750-ba3a-bfcb62399d74/element HTTP/1.1
User-Agent: appium/8.5.1 (selenium/4.9.1 (java windows))
Content-Length: 46
Content-Type: application/json; charset=utf-8
host: 127.0.0.1:4725
accept: */*

Response DefaultHttpResponse(decodeResult: success, version: HTTP/1.1)
HTTP/1.1 200 OK
X-Powered-By: Express
Vary: X-HTTP-Method-Override
Content-Type: application/json; charset=utf-8
Content-Length: 97
ETag: W/"61-Y8y245ed0ZYgaF2rvulnzIDOZk4"
Date: Mon, 02 Mar 2026 15:31:19 GMT
Connection: keep-alive
Keep-Alive: timeout=600

21:01:19.493 [AsyncHttpClient-1-2] DEBUG org.asynchttpclient.netty.channel.ChannelManager -- Adding key: http://127.0.0.1:4725 for channel [id: 0x4b817b84, L:/127.0.0.1:51774 - R:/127.0.0.1:4725]
21:01:19.507 [Forwarding clickElement on session 42032dcb-f364-4750-ba3a-bfcb62399d74 to remote] DEBUG org.asynchttpclient.netty.request.NettyRequestSender -- Using pooled Channel '[id: 0x4b817b84, L:/127.0.0.1:51774 - R:/127.0.0.1:4725]' for 'POST' to 'http://127.0.0.1:4725/session/42032dcb-f364-4750-ba3a-bfcb62399d74/element/7.70812.16336043/click'
21:01:19.507 [Forwarding clickElement on session 42032dcb-f364-4750-ba3a-bfcb62399d74 to remote] DEBUG org.asynchttpclient.netty.request.NettyRequestSender -- Using open Channel [id: 0x4b817b84, L:/127.0.0.1:51774 - R:/127.0.0.1:4725] for POST '/session/42032dcb-f364-4750-ba3a-bfcb62399d74/element/7.70812.16336043/click'
21:01:20.804 [AsyncHttpClient-1-2] DEBUG org.asynchttpclient.netty.handler.HttpHandler -- 

Request DefaultHttpRequest(decodeResult: success, version: HTTP/1.1)
POST /session/42032dcb-f364-4750-ba3a-bfcb62399d74/element/7.70812.16336043/click HTTP/1.1
User-Agent: appium/8.5.1 (selenium/4.9.1 (java windows))
Content-Length: 30
Content-Type: application/json; charset=utf-8
host: 127.0.0.1:4725
accept: */*

Response DefaultHttpResponse(decodeResult: success, version: HTTP/1.1)
HTTP/1.1 200 OK
X-Powered-By: Express
Vary: X-HTTP-Method-Override
Content-Type: application/json; charset=utf-8
Content-Length: 14
ETag: W/"e-9/1BuKMgFObM1mWJm+YjxtXJnUM"
Date: Mon, 02 Mar 2026 15:31:20 GMT
Connection: keep-alive
Keep-Alive: timeout=600

21:01:20.805 [AsyncHttpClient-1-2] DEBUG org.asynchttpclient.netty.channel.ChannelManager -- Adding key: http://127.0.0.1:4725 for channel [id: 0x4b817b84, L:/127.0.0.1:51774 - R:/127.0.0.1:4725]
Selected all columns
21:01:20.810 [Forwarding findElement on session 42032dcb-f364-4750-ba3a-bfcb62399d74 to remote] DEBUG org.asynchttpclient.netty.request.NettyRequestSender -- Using pooled Channel '[id: 0x4b817b84, L:/127.0.0.1:51774 - R:/127.0.0.1:4725]' for 'POST' to 'http://127.0.0.1:4725/session/42032dcb-f364-4750-ba3a-bfcb62399d74/element'
21:01:20.811 [Forwarding findElement on session 42032dcb-f364-4750-ba3a-bfcb62399d74 to remote] DEBUG org.asynchttpclient.netty.request.NettyRequestSender -- Using open Channel [id: 0x4b817b84, L:/127.0.0.1:51774 - R:/127.0.0.1:4725] for POST '/session/42032dcb-f364-4750-ba3a-bfcb62399d74/element'
21:01:23.090 [AsyncHttpClient-1-2] DEBUG org.asynchttpclient.netty.handler.HttpHandler -- 

Request DefaultHttpRequest(decodeResult: success, version: HTTP/1.1)
POST /session/42032dcb-f364-4750-ba3a-bfcb62399d74/element HTTP/1.1
User-Agent: appium/8.5.1 (selenium/4.9.1 (java windows))
Content-Length: 48
Content-Type: application/json; charset=utf-8
host: 127.0.0.1:4725
accept: */*

Response DefaultHttpResponse(decodeResult: success, version: HTTP/1.1)
HTTP/1.1 200 OK
X-Powered-By: Express
Vary: X-HTTP-Method-Override
Content-Type: application/json; charset=utf-8
Content-Length: 97
ETag: W/"61-quGzXSWDv9JfIVTAFUQrHbbAGgA"
Date: Mon, 02 Mar 2026 15:31:23 GMT
Connection: keep-alive
Keep-Alive: timeout=600

21:01:23.090 [AsyncHttpClient-1-2] DEBUG org.asynchttpclient.netty.channel.ChannelManager -- Adding key: http://127.0.0.1:4725 for channel [id: 0x4b817b84, L:/127.0.0.1:51774 - R:/127.0.0.1:4725]
21:01:23.106 [Forwarding clickElement on session 42032dcb-f364-4750-ba3a-bfcb62399d74 to remote] DEBUG org.asynchttpclient.netty.request.NettyRequestSender -- Using pooled Channel '[id: 0x4b817b84, L:/127.0.0.1:51774 - R:/127.0.0.1:4725]' for 'POST' to 'http://127.0.0.1:4725/session/42032dcb-f364-4750-ba3a-bfcb62399d74/element/7.70812.34169863/click'
21:01:23.106 [Forwarding clickElement on session 42032dcb-f364-4750-ba3a-bfcb62399d74 to remote] DEBUG org.asynchttpclient.netty.request.NettyRequestSender -- Using open Channel [id: 0x4b817b84, L:/127.0.0.1:51774 - R:/127.0.0.1:4725] for POST '/session/42032dcb-f364-4750-ba3a-bfcb62399d74/element/7.70812.34169863/click'
21:01:23.859 [AsyncHttpClient-1-2] DEBUG org.asynchttpclient.netty.handler.HttpHandler -- 

Request DefaultHttpRequest(decodeResult: success, version: HTTP/1.1)
POST /session/42032dcb-f364-4750-ba3a-bfcb62399d74/element/7.70812.34169863/click HTTP/1.1
User-Agent: appium/8.5.1 (selenium/4.9.1 (java windows))
Content-Length: 30
Content-Type: application/json; charset=utf-8
host: 127.0.0.1:4725
accept: */*

Response DefaultHttpResponse(decodeResult: success, version: HTTP/1.1)
HTTP/1.1 200 OK
X-Powered-By: Express
Vary: X-HTTP-Method-Override
Content-Type: application/json; charset=utf-8
Content-Length: 14
ETag: W/"e-9/1BuKMgFObM1mWJm+YjxtXJnUM"
Date: Mon, 02 Mar 2026 15:31:23 GMT
Connection: keep-alive
Keep-Alive: timeout=600

21:01:23.859 [AsyncHttpClient-1-2] DEBUG org.asynchttpclient.netty.channel.ChannelManager -- Adding key: http://127.0.0.1:4725 for channel [id: 0x4b817b84, L:/127.0.0.1:51774 - R:/127.0.0.1:4725]
21:01:24.252 [AsyncHttpClient-1-1] DEBUG org.asynchttpclient.netty.channel.DefaultChannelPool -- Entry count for : http://127.0.0.1:4725 : 1
21:01:25.350 [AsyncHttpClient-1-1] DEBUG org.asynchttpclient.netty.channel.DefaultChannelPool -- Entry count for : http://127.0.0.1:4725 : 1
21:01:26.454 [AsyncHttpClient-1-1] DEBUG org.asynchttpclient.netty.channel.DefaultChannelPool -- Entry count for : http://127.0.0.1:4725 : 1
&amp#27;[1m&amp#27;[32m>>> [STEP]: &amp#27;[0m&amp#27;[36mSTARTING PROCESS FOR: MSFT&amp#27;[0m
21:01:26.611 [Forwarding findElement on session 42032dcb-f364-4750-ba3a-bfcb62399d74 to remote] DEBUG org.asynchttpclient.netty.request.NettyRequestSender -- Using pooled Channel '[id: 0x4b817b84, L:/127.0.0.1:51774 - R:/127.0.0.1:4725]' for 'POST' to 'http://127.0.0.1:4725/session/42032dcb-f364-4750-ba3a-bfcb62399d74/element'
21:01:26.611 [Forwarding findElement on session 42032dcb-f364-4750-ba3a-bfcb62399d74 to remote] DEBUG org.asynchttpclient.netty.request.NettyRequestSender -- Using open Channel [id: 0x4b817b84, L:/127.0.0.1:51774 - R:/127.0.0.1:4725] for POST '/session/42032dcb-f364-4750-ba3a-bfcb62399d74/element'
21:01:27.327 [AsyncHttpClient-1-2] DEBUG org.asynchttpclient.netty.handler.HttpHandler -- 

Request DefaultHttpRequest(decodeResult: success, version: HTTP/1.1)
POST /session/42032dcb-f364-4750-ba3a-bfcb62399d74/element HTTP/1.1
User-Agent: appium/8.5.1 (selenium/4.9.1 (java windows))
Content-Length: 53
Content-Type: application/json; charset=utf-8
host: 127.0.0.1:4725
accept: */*

Response DefaultHttpResponse(decodeResult: success, version: HTTP/1.1)
HTTP/1.1 200 OK
X-Powered-By: Express
Vary: X-HTTP-Method-Override
Content-Type: application/json; charset=utf-8
Content-Length: 97
ETag: W/"61-/LxOoGUMnZO9yg712ioK2BIJz7Y"
Date: Mon, 02 Mar 2026 15:31:27 GMT
Connection: keep-alive
Keep-Alive: timeout=600

21:01:27.328 [AsyncHttpClient-1-2] DEBUG org.asynchttpclient.netty.channel.ChannelManager -- Adding key: http://127.0.0.1:4725 for channel [id: 0x4b817b84, L:/127.0.0.1:51774 - R:/127.0.0.1:4725]
21:01:27.330 [Forwarding isElementDisplayed on session 42032dcb-f364-4750-ba3a-bfcb62399d74 to remote] DEBUG org.asynchttpclient.netty.request.NettyRequestSender -- Using pooled Channel '[id: 0x4b817b84, L:/127.0.0.1:51774 - R:/127.0.0.1:4725]' for 'GET' to 'http://127.0.0.1:4725/session/42032dcb-f364-4750-ba3a-bfcb62399d74/element/7.70812.36290485/displayed'
21:01:27.330 [Forwarding isElementDisplayed on session 42032dcb-f364-4750-ba3a-bfcb62399d74 to remote] DEBUG org.asynchttpclient.netty.request.NettyRequestSender -- Using open Channel [id: 0x4b817b84, L:/127.0.0.1:51774 - R:/127.0.0.1:4725] for GET '/session/42032dcb-f364-4750-ba3a-bfcb62399d74/element/7.70812.36290485/displayed'
21:01:27.390 [AsyncHttpClient-1-2] DEBUG org.asynchttpclient.netty.handler.HttpHandler -- 

Request DefaultFullHttpRequest(decodeResult: success, version: HTTP/1.1, content: EmptyByteBufBE)
GET /session/42032dcb-f364-4750-ba3a-bfcb62399d74/element/7.70812.36290485/displayed HTTP/1.1
User-Agent: appium/8.5.1 (selenium/4.9.1 (java windows))
Cache-Control: no-cache
Content-Type: application/json; charset=utf-8
host: 127.0.0.1:4725
accept: */*

Response DefaultHttpResponse(decodeResult: success, version: HTTP/1.1)
HTTP/1.1 200 OK
X-Powered-By: Express
Content-Type: application/json; charset=utf-8
Content-Length: 14
ETag: W/"e-2ZHvAWebNQpyjGZTg6uyV8/spTo"
Date: Mon, 02 Mar 2026 15:31:27 GMT
Connection: keep-alive
Keep-Alive: timeout=600

21:01:27.390 [AsyncHttpClient-1-2] DEBUG org.asynchttpclient.netty.channel.ChannelManager -- Adding key: http://127.0.0.1:4725 for channel [id: 0x4b817b84, L:/127.0.0.1:51774 - R:/127.0.0.1:4725]
21:01:27.406 [Forwarding isElementEnabled on session 42032dcb-f364-4750-ba3a-bfcb62399d74 to remote] DEBUG org.asynchttpclient.netty.request.NettyRequestSender -- Using pooled Channel '[id: 0x4b817b84, L:/127.0.0.1:51774 - R:/127.0.0.1:4725]' for 'GET' to 'http://127.0.0.1:4725/session/42032dcb-f364-4750-ba3a-bfcb62399d74/element/7.70812.36290485/enabled'
21:01:27.406 [Forwarding isElementEnabled on session 42032dcb-f364-4750-ba3a-bfcb62399d74 to remote] DEBUG org.asynchttpclient.netty.request.NettyRequestSender -- Using open Channel [id: 0x4b817b84, L:/127.0.0.1:51774 - R:/127.0.0.1:4725] for GET '/session/42032dcb-f364-4750-ba3a-bfcb62399d74/element/7.70812.36290485/enabled'
21:01:27.422 [AsyncHttpClient-1-2] DEBUG org.asynchttpclient.netty.handler.HttpHandler -- 

Request DefaultFullHttpRequest(decodeResult: success, version: HTTP/1.1, content: EmptyByteBufBE)
GET /session/42032dcb-f364-4750-ba3a-bfcb62399d74/element/7.70812.36290485/enabled HTTP/1.1
User-Agent: appium/8.5.1 (selenium/4.9.1 (java windows))
Cache-Control: no-cache
Content-Type: application/json; charset=utf-8
host: 127.0.0.1:4725
accept: */*

Response DefaultHttpResponse(decodeResult: success, version: HTTP/1.1)
HTTP/1.1 200 OK
X-Powered-By: Express
Content-Type: application/json; charset=utf-8
Content-Length: 14
ETag: W/"e-2ZHvAWebNQpyjGZTg6uyV8/spTo"
Date: Mon, 02 Mar 2026 15:31:27 GMT
Connection: keep-alive
Keep-Alive: timeout=600

21:01:27.422 [AsyncHttpClient-1-2] DEBUG org.asynchttpclient.netty.channel.ChannelManager -- Adding key: http://127.0.0.1:4725 for channel [id: 0x4b817b84, L:/127.0.0.1:51774 - R:/127.0.0.1:4725]
21:01:27.422 [Forwarding clickElement on session 42032dcb-f364-4750-ba3a-bfcb62399d74 to remote] DEBUG org.asynchttpclient.netty.request.NettyRequestSender -- Using pooled Channel '[id: 0x4b817b84, L:/127.0.0.1:51774 - R:/127.0.0.1:4725]' for 'POST' to 'http://127.0.0.1:4725/session/42032dcb-f364-4750-ba3a-bfcb62399d74/element/7.70812.36290485/click'
21:01:27.422 [Forwarding clickElement on session 42032dcb-f364-4750-ba3a-bfcb62399d74 to remote] DEBUG org.asynchttpclient.netty.request.NettyRequestSender -- Using open Channel [id: 0x4b817b84, L:/127.0.0.1:51774 - R:/127.0.0.1:4725] for POST '/session/42032dcb-f364-4750-ba3a-bfcb62399d74/element/7.70812.36290485/click'
21:01:27.847 [AsyncHttpClient-1-2] DEBUG org.asynchttpclient.netty.handler.HttpHandler -- 

Request DefaultHttpRequest(decodeResult: success, version: HTTP/1.1)
POST /session/42032dcb-f364-4750-ba3a-bfcb62399d74/element/7.70812.36290485/click HTTP/1.1
User-Agent: appium/8.5.1 (selenium/4.9.1 (java windows))
Content-Length: 30
Content-Type: application/json; charset=utf-8
host: 127.0.0.1:4725
accept: */*

Response DefaultHttpResponse(decodeResult: success, version: HTTP/1.1)
HTTP/1.1 200 OK
X-Powered-By: Express
Vary: X-HTTP-Method-Override
Content-Type: application/json; charset=utf-8
Content-Length: 14
ETag: W/"e-9/1BuKMgFObM1mWJm+YjxtXJnUM"
Date: Mon, 02 Mar 2026 15:31:27 GMT
Connection: keep-alive
Keep-Alive: timeout=600

21:01:27.850 [AsyncHttpClient-1-2] DEBUG org.asynchttpclient.netty.channel.ChannelManager -- Adding key: http://127.0.0.1:4725 for channel [id: 0x4b817b84, L:/127.0.0.1:51774 - R:/127.0.0.1:4725]
21:01:27.852 [Forwarding clearElement on session 42032dcb-f364-4750-ba3a-bfcb62399d74 to remote] DEBUG org.asynchttpclient.netty.request.NettyRequestSender -- Using pooled Channel '[id: 0x4b817b84, L:/127.0.0.1:51774 - R:/127.0.0.1:4725]' for 'POST' to 'http://127.0.0.1:4725/session/42032dcb-f364-4750-ba3a-bfcb62399d74/element/7.70812.36290485/clear'
21:01:27.852 [Forwarding clearElement on session 42032dcb-f364-4750-ba3a-bfcb62399d74 to remote] DEBUG org.asynchttpclient.netty.request.NettyRequestSender -- Using open Channel [id: 0x4b817b84, L:/127.0.0.1:51774 - R:/127.0.0.1:4725] for POST '/session/42032dcb-f364-4750-ba3a-bfcb62399d74/element/7.70812.36290485/clear'
21:01:28.093 [AsyncHttpClient-1-2] DEBUG org.asynchttpclient.netty.handler.HttpHandler -- 

Request DefaultHttpRequest(decodeResult: success, version: HTTP/1.1)
POST /session/42032dcb-f364-4750-ba3a-bfcb62399d74/element/7.70812.36290485/clear HTTP/1.1
User-Agent: appium/8.5.1 (selenium/4.9.1 (java windows))
Content-Length: 30
Content-Type: application/json; charset=utf-8
host: 127.0.0.1:4725
accept: */*

Response DefaultHttpResponse(decodeResult: success, version: HTTP/1.1)
HTTP/1.1 200 OK
X-Powered-By: Express
Vary: X-HTTP-Method-Override
Content-Type: application/json; charset=utf-8
Content-Length: 14
ETag: W/"e-9/1BuKMgFObM1mWJm+YjxtXJnUM"
Date: Mon, 02 Mar 2026 15:31:28 GMT
Connection: keep-alive
Keep-Alive: timeout=600

21:01:28.094 [AsyncHttpClient-1-2] DEBUG org.asynchttpclient.netty.channel.ChannelManager -- Adding key: http://127.0.0.1:4725 for channel [id: 0x4b817b84, L:/127.0.0.1:51774 - R:/127.0.0.1:4725]
21:01:28.146 [Forwarding sendKeysToElement on session 42032dcb-f364-4750-ba3a-bfcb62399d74 to remote] DEBUG org.asynchttpclient.netty.request.NettyRequestSender -- Using pooled Channel '[id: 0x4b817b84, L:/127.0.0.1:51774 - R:/127.0.0.1:4725]' for 'POST' to 'http://127.0.0.1:4725/session/42032dcb-f364-4750-ba3a-bfcb62399d74/element/7.70812.36290485/value'
21:01:28.147 [Forwarding sendKeysToElement on session 42032dcb-f364-4750-ba3a-bfcb62399d74 to remote] DEBUG org.asynchttpclient.netty.request.NettyRequestSender -- Using open Channel [id: 0x4b817b84, L:/127.0.0.1:51774 - R:/127.0.0.1:4725] for POST '/session/42032dcb-f364-4750-ba3a-bfcb62399d74/element/7.70812.36290485/value'
21:01:28.569 [AsyncHttpClient-1-2] DEBUG org.asynchttpclient.netty.handler.HttpHandler -- 

Request DefaultHttpRequest(decodeResult: success, version: HTTP/1.1)
POST /session/42032dcb-f364-4750-ba3a-bfcb62399d74/element/7.70812.36290485/value HTTP/1.1
User-Agent: appium/8.5.1 (selenium/4.9.1 (java windows))
Content-Length: 101
Content-Type: application/json; charset=utf-8
host: 127.0.0.1:4725
accept: */*

Response DefaultHttpResponse(decodeResult: success, version: HTTP/1.1)
HTTP/1.1 200 OK
X-Powered-By: Express
Vary: X-HTTP-Method-Override
Content-Type: application/json; charset=utf-8
Content-Length: 14
ETag: W/"e-9/1BuKMgFObM1mWJm+YjxtXJnUM"
Date: Mon, 02 Mar 2026 15:31:28 GMT
Connection: keep-alive
Keep-Alive: timeout=600

21:01:28.569 [AsyncHttpClient-1-2] DEBUG org.asynchttpclient.netty.channel.ChannelManager -- Adding key: http://127.0.0.1:4725 for channel [id: 0x4b817b84, L:/127.0.0.1:51774 - R:/127.0.0.1:4725]
21:01:28.589 [Forwarding sendKeysToElement on session 42032dcb-f364-4750-ba3a-bfcb62399d74 to remote] DEBUG org.asynchttpclient.netty.request.NettyRequestSender -- Using pooled Channel '[id: 0x4b817b84, L:/127.0.0.1:51774 - R:/127.0.0.1:4725]' for 'POST' to 'http://127.0.0.1:4725/session/42032dcb-f364-4750-ba3a-bfcb62399d74/element/7.70812.36290485/value'
21:01:28.590 [Forwarding sendKeysToElement on session 42032dcb-f364-4750-ba3a-bfcb62399d74 to remote] DEBUG org.asynchttpclient.netty.request.NettyRequestSender -- Using open Channel [id: 0x4b817b84, L:/127.0.0.1:51774 - R:/127.0.0.1:4725] for POST '/session/42032dcb-f364-4750-ba3a-bfcb62399d74/element/7.70812.36290485/value'
21:01:28.792 [AsyncHttpClient-1-2] DEBUG org.asynchttpclient.netty.handler.HttpHandler -- 

Request DefaultHttpRequest(decodeResult: success, version: HTTP/1.1)
POST /session/42032dcb-f364-4750-ba3a-bfcb62399d74/element/7.70812.36290485/value HTTP/1.1
User-Agent: appium/8.5.1 (selenium/4.9.1 (java windows))
Content-Length: 75
Content-Type: application/json; charset=utf-8
host: 127.0.0.1:4725
accept: */*

Response DefaultHttpResponse(decodeResult: success, version: HTTP/1.1)
HTTP/1.1 200 OK
X-Powered-By: Express
Vary: X-HTTP-Method-Override
Content-Type: application/json; charset=utf-8
Content-Length: 14
ETag: W/"e-9/1BuKMgFObM1mWJm+YjxtXJnUM"
Date: Mon, 02 Mar 2026 15:31:28 GMT
Connection: keep-alive
Keep-Alive: timeout=600

21:01:28.793 [AsyncHttpClient-1-2] DEBUG org.asynchttpclient.netty.channel.ChannelManager -- Adding key: http://127.0.0.1:4725 for channel [id: 0x4b817b84, L:/127.0.0.1:51774 - R:/127.0.0.1:4725]
{ticker=MSFT, euroflex=false, quantity=null, contract=null, limit=null, jellyroll=false, direction=null}
21:01:28.800 [Forwarding findElements on session 42032dcb-f364-4750-ba3a-bfcb62399d74 to remote] DEBUG org.asynchttpclient.netty.request.NettyRequestSender -- Using pooled Channel '[id: 0x4b817b84, L:/127.0.0.1:51774 - R:/127.0.0.1:4725]' for 'POST' to 'http://127.0.0.1:4725/session/42032dcb-f364-4750-ba3a-bfcb62399d74/elements'
21:01:28.806 [Forwarding findElements on session 42032dcb-f364-4750-ba3a-bfcb62399d74 to remote] DEBUG org.asynchttpclient.netty.request.NettyRequestSender -- Using open Channel [id: 0x4b817b84, L:/127.0.0.1:51774 - R:/127.0.0.1:4725] for POST '/session/42032dcb-f364-4750-ba3a-bfcb62399d74/elements'
21:02:24.514 [AsyncHttpClient-1-2] DEBUG org.asynchttpclient.netty.handler.HttpHandler -- 

Request DefaultHttpRequest(decodeResult: success, version: HTTP/1.1)
POST /session/42032dcb-f364-4750-ba3a-bfcb62399d74/elements HTTP/1.1
User-Agent: appium/8.5.1 (selenium/4.9.1 (java windows))
Content-Length: 70
Content-Type: application/json; charset=utf-8
host: 127.0.0.1:4725
accept: */*

Response DefaultHttpResponse(decodeResult: success, version: HTTP/1.1)
HTTP/1.1 200 OK
X-Powered-By: Express
Vary: X-HTTP-Method-Override
Content-Type: application/json; charset=utf-8
Content-Length: 12
ETag: W/"c-ct3goOI+b+kRZv2R9j2fTtMXwkk"
Date: Mon, 02 Mar 2026 15:32:24 GMT
Connection: keep-alive
Keep-Alive: timeout=600

21:02:24.515 [AsyncHttpClient-1-2] DEBUG org.asynchttpclient.netty.channel.ChannelManager -- Adding key: http://127.0.0.1:4725 for channel [id: 0x4b817b84, L:/127.0.0.1:51774 - R:/127.0.0.1:4725]
]]></system-out>
    <system-err><![CDATA[Reading Row 1: MSFT
Reading Row 2: BRK/B
Reading Row 3: goog
Reading Row 4: bmo
Reading Row 5: BRK/B Dec26 210
Reading Row 6: Arkk jan28 45
Reading Row 7: achr mar 30 ef
Reading Row 8: achr mar 30 euroflex
Reading Row 9: achr mar 30 euro
Reading Row 10: AMD Dec-Jan 200 jr EF
Reading Row 11: GLD dec 361-mar 385 jroll euro
Reading Row 12: aapl dec 231-mar 280 euroflex jellyroll
]]></system-err>
  </testcase>
  <testcase name="addTickersFromExcel[BRK/B](2)" classname="com.deltaone.tests.AddTickersTest" time="39.339">
    <system-out><![CDATA[&amp#27;[1m&amp#27;[32m>>> [STEP]: &amp#27;[0m&amp#27;[36mSTARTING PROCESS FOR: BRK/B&amp#27;[0m
21:02:24.542 [Forwarding findElement on session 42032dcb-f364-4750-ba3a-bfcb62399d74 to remote] DEBUG org.asynchttpclient.netty.request.NettyRequestSender -- Using pooled Channel '[id: 0x4b817b84, L:/127.0.0.1:51774 - R:/127.0.0.1:4725]' for 'POST' to 'http://127.0.0.1:4725/session/42032dcb-f364-4750-ba3a-bfcb62399d74/element'
21:02:24.542 [Forwarding findElement on session 42032dcb-f364-4750-ba3a-bfcb62399d74 to remote] DEBUG org.asynchttpclient.netty.request.NettyRequestSender -- Using open Channel [id: 0x4b817b84, L:/127.0.0.1:51774 - R:/127.0.0.1:4725] for POST '/session/42032dcb-f364-4750-ba3a-bfcb62399d74/element'
21:02:24.807 [AsyncHttpClient-1-2] DEBUG org.asynchttpclient.netty.handler.HttpHandler -- 

Request DefaultHttpRequest(decodeResult: success, version: HTTP/1.1)
POST /session/42032dcb-f364-4750-ba3a-bfcb62399d74/element HTTP/1.1
User-Agent: appium/8.5.1 (selenium/4.9.1 (java windows))
Content-Length: 53
Content-Type: application/json; charset=utf-8
host: 127.0.0.1:4725
accept: */*

Response DefaultHttpResponse(decodeResult: success, version: HTTP/1.1)
HTTP/1.1 200 OK
X-Powered-By: Express
Vary: X-HTTP-Method-Override
Content-Type: application/json; charset=utf-8
Content-Length: 97
ETag: W/"61-/LxOoGUMnZO9yg712ioK2BIJz7Y"
Date: Mon, 02 Mar 2026 15:32:24 GMT
Connection: keep-alive
Keep-Alive: timeout=600

21:02:24.807 [AsyncHttpClient-1-2] DEBUG org.asynchttpclient.netty.channel.ChannelManager -- Adding key: http://127.0.0.1:4725 for channel [id: 0x4b817b84, L:/127.0.0.1:51774 - R:/127.0.0.1:4725]
21:02:24.810 [Forwarding isElementDisplayed on session 42032dcb-f364-4750-ba3a-bfcb62399d74 to remote] DEBUG org.asynchttpclient.netty.request.NettyRequestSender -- Using pooled Channel '[id: 0x4b817b84, L:/127.0.0.1:51774 - R:/127.0.0.1:4725]' for 'GET' to 'http://127.0.0.1:4725/session/42032dcb-f364-4750-ba3a-bfcb62399d74/element/7.70812.36290485/displayed'
21:02:24.810 [Forwarding isElementDisplayed on session 42032dcb-f364-4750-ba3a-bfcb62399d74 to remote] DEBUG org.asynchttpclient.netty.request.NettyRequestSender -- Using open Channel [id: 0x4b817b84, L:/127.0.0.1:51774 - R:/127.0.0.1:4725] for GET '/session/42032dcb-f364-4750-ba3a-bfcb62399d74/element/7.70812.36290485/displayed'
21:02:24.822 [AsyncHttpClient-1-2] DEBUG org.asynchttpclient.netty.handler.HttpHandler -- 

Request DefaultFullHttpRequest(decodeResult: success, version: HTTP/1.1, content: EmptyByteBufBE)
GET /session/42032dcb-f364-4750-ba3a-bfcb62399d74/element/7.70812.36290485/displayed HTTP/1.1
User-Agent: appium/8.5.1 (selenium/4.9.1 (java windows))
Cache-Control: no-cache
Content-Type: application/json; charset=utf-8
host: 127.0.0.1:4725
accept: */*

Response DefaultHttpResponse(decodeResult: success, version: HTTP/1.1)
HTTP/1.1 200 OK
X-Powered-By: Express
Content-Type: application/json; charset=utf-8
Content-Length: 14
ETag: W/"e-2ZHvAWebNQpyjGZTg6uyV8/spTo"
Date: Mon, 02 Mar 2026 15:32:24 GMT
Connection: keep-alive
Keep-Alive: timeout=600

21:02:24.822 [AsyncHttpClient-1-2] DEBUG org.asynchttpclient.netty.channel.ChannelManager -- Adding key: http://127.0.0.1:4725 for channel [id: 0x4b817b84, L:/127.0.0.1:51774 - R:/127.0.0.1:4725]
21:02:24.824 [Forwarding isElementEnabled on session 42032dcb-f364-4750-ba3a-bfcb62399d74 to remote] DEBUG org.asynchttpclient.netty.request.NettyRequestSender -- Using pooled Channel '[id: 0x4b817b84, L:/127.0.0.1:51774 - R:/127.0.0.1:4725]' for 'GET' to 'http://127.0.0.1:4725/session/42032dcb-f364-4750-ba3a-bfcb62399d74/element/7.70812.36290485/enabled'
21:02:24.824 [Forwarding isElementEnabled on session 42032dcb-f364-4750-ba3a-bfcb62399d74 to remote] DEBUG org.asynchttpclient.netty.request.NettyRequestSender -- Using open Channel [id: 0x4b817b84, L:/127.0.0.1:51774 - R:/127.0.0.1:4725] for GET '/session/42032dcb-f364-4750-ba3a-bfcb62399d74/element/7.70812.36290485/enabled'
21:02:24.838 [AsyncHttpClient-1-2] DEBUG org.asynchttpclient.netty.handler.HttpHandler -- 

Request DefaultFullHttpRequest(decodeResult: success, version: HTTP/1.1, content: EmptyByteBufBE)
GET /session/42032dcb-f364-4750-ba3a-bfcb62399d74/element/7.70812.36290485/enabled HTTP/1.1
User-Agent: appium/8.5.1 (selenium/4.9.1 (java windows))
Cache-Control: no-cache
Content-Type: application/json; charset=utf-8
host: 127.0.0.1:4725
accept: */*

Response DefaultHttpResponse(decodeResult: success, version: HTTP/1.1)
HTTP/1.1 200 OK
X-Powered-By: Express
Content-Type: application/json; charset=utf-8
Content-Length: 14
ETag: W/"e-2ZHvAWebNQpyjGZTg6uyV8/spTo"
Date: Mon, 02 Mar 2026 15:32:24 GMT
Connection: keep-alive
Keep-Alive: timeout=600

21:02:24.838 [AsyncHttpClient-1-2] DEBUG org.asynchttpclient.netty.channel.ChannelManager -- Adding key: http://127.0.0.1:4725 for channel [id: 0x4b817b84, L:/127.0.0.1:51774 - R:/127.0.0.1:4725]
21:02:24.840 [Forwarding clickElement on session 42032dcb-f364-4750-ba3a-bfcb62399d74 to remote] DEBUG org.asynchttpclient.netty.request.NettyRequestSender -- Using pooled Channel '[id: 0x4b817b84, L:/127.0.0.1:51774 - R:/127.0.0.1:4725]' for 'POST' to 'http://127.0.0.1:4725/session/42032dcb-f364-4750-ba3a-bfcb62399d74/element/7.70812.36290485/click'
21:02:24.841 [Forwarding clickElement on session 42032dcb-f364-4750-ba3a-bfcb62399d74 to remote] DEBUG org.asynchttpclient.netty.request.NettyRequestSender -- Using open Channel [id: 0x4b817b84, L:/127.0.0.1:51774 - R:/127.0.0.1:4725] for POST '/session/42032dcb-f364-4750-ba3a-bfcb62399d74/element/7.70812.36290485/click'
21:02:25.787 [AsyncHttpClient-1-2] DEBUG org.asynchttpclient.netty.handler.HttpHandler -- 

Request DefaultHttpRequest(decodeResult: success, version: HTTP/1.1)
POST /session/42032dcb-f364-4750-ba3a-bfcb62399d74/element/7.70812.36290485/click HTTP/1.1
User-Agent: appium/8.5.1 (selenium/4.9.1 (java windows))
Content-Length: 30
Content-Type: application/json; charset=utf-8
host: 127.0.0.1:4725
accept: */*

Response DefaultHttpResponse(decodeResult: success, version: HTTP/1.1)
HTTP/1.1 200 OK
X-Powered-By: Express
Vary: X-HTTP-Method-Override
Content-Type: application/json; charset=utf-8
Content-Length: 14
ETag: W/"e-9/1BuKMgFObM1mWJm+YjxtXJnUM"
Date: Mon, 02 Mar 2026 15:32:25 GMT
Connection: keep-alive
Keep-Alive: timeout=600

21:02:25.788 [AsyncHttpClient-1-2] DEBUG org.asynchttpclient.netty.channel.ChannelManager -- Adding key: http://127.0.0.1:4725 for channel [id: 0x4b817b84, L:/127.0.0.1:51774 - R:/127.0.0.1:4725]
21:02:25.791 [Forwarding clearElement on session 42032dcb-f364-4750-ba3a-bfcb62399d74 to remote] DEBUG org.asynchttpclient.netty.request.NettyRequestSender -- Using pooled Channel '[id: 0x4b817b84, L:/127.0.0.1:51774 - R:/127.0.0.1:4725]' for 'POST' to 'http://127.0.0.1:4725/session/42032dcb-f364-4750-ba3a-bfcb62399d74/element/7.70812.36290485/clear'
21:02:25.791 [Forwarding clearElement on session 42032dcb-f364-4750-ba3a-bfcb62399d74 to remote] DEBUG org.asynchttpclient.netty.request.NettyRequestSender -- Using open Channel [id: 0x4b817b84, L:/127.0.0.1:51774 - R:/127.0.0.1:4725] for POST '/session/42032dcb-f364-4750-ba3a-bfcb62399d74/element/7.70812.36290485/clear'
21:02:25.855 [AsyncHttpClient-1-2] DEBUG org.asynchttpclient.netty.handler.HttpHandler -- 

Request DefaultHttpRequest(decodeResult: success, version: HTTP/1.1)
POST /session/42032dcb-f364-4750-ba3a-bfcb62399d74/element/7.70812.36290485/clear HTTP/1.1
User-Agent: appium/8.5.1 (selenium/4.9.1 (java windows))
Content-Length: 30
Content-Type: application/json; charset=utf-8
host: 127.0.0.1:4725
accept: */*

Response DefaultHttpResponse(decodeResult: success, version: HTTP/1.1)
HTTP/1.1 200 OK
X-Powered-By: Express
Vary: X-HTTP-Method-Override
Content-Type: application/json; charset=utf-8
Content-Length: 14
ETag: W/"e-9/1BuKMgFObM1mWJm+YjxtXJnUM"
Date: Mon, 02 Mar 2026 15:32:25 GMT
Connection: keep-alive
Keep-Alive: timeout=600

21:02:25.855 [AsyncHttpClient-1-2] DEBUG org.asynchttpclient.netty.channel.ChannelManager -- Adding key: http://127.0.0.1:4725 for channel [id: 0x4b817b84, L:/127.0.0.1:51774 - R:/127.0.0.1:4725]
21:02:25.857 [Forwarding sendKeysToElement on session 42032dcb-f364-4750-ba3a-bfcb62399d74 to remote] DEBUG org.asynchttpclient.netty.request.NettyRequestSender -- Using pooled Channel '[id: 0x4b817b84, L:/127.0.0.1:51774 - R:/127.0.0.1:4725]' for 'POST' to 'http://127.0.0.1:4725/session/42032dcb-f364-4750-ba3a-bfcb62399d74/element/7.70812.36290485/value'
21:02:25.858 [Forwarding sendKeysToElement on session 42032dcb-f364-4750-ba3a-bfcb62399d74 to remote] DEBUG org.asynchttpclient.netty.request.NettyRequestSender -- Using open Channel [id: 0x4b817b84, L:/127.0.0.1:51774 - R:/127.0.0.1:4725] for POST '/session/42032dcb-f364-4750-ba3a-bfcb62399d74/element/7.70812.36290485/value'
21:02:26.238 [AsyncHttpClient-1-2] DEBUG org.asynchttpclient.netty.handler.HttpHandler -- 

Request DefaultHttpRequest(decodeResult: success, version: HTTP/1.1)
POST /session/42032dcb-f364-4750-ba3a-bfcb62399d74/element/7.70812.36290485/value HTTP/1.1
User-Agent: appium/8.5.1 (selenium/4.9.1 (java windows))
Content-Length: 121
Content-Type: application/json; charset=utf-8
host: 127.0.0.1:4725
accept: */*

Response DefaultHttpResponse(decodeResult: success, version: HTTP/1.1)
HTTP/1.1 200 OK
X-Powered-By: Express
Vary: X-HTTP-Method-Override
Content-Type: application/json; charset=utf-8
Content-Length: 14
ETag: W/"e-9/1BuKMgFObM1mWJm+YjxtXJnUM"
Date: Mon, 02 Mar 2026 15:32:26 GMT
Connection: keep-alive
Keep-Alive: timeout=600

21:02:26.238 [AsyncHttpClient-1-2] DEBUG org.asynchttpclient.netty.channel.ChannelManager -- Adding key: http://127.0.0.1:4725 for channel [id: 0x4b817b84, L:/127.0.0.1:51774 - R:/127.0.0.1:4725]
21:02:26.240 [Forwarding sendKeysToElement on session 42032dcb-f364-4750-ba3a-bfcb62399d74 to remote] DEBUG org.asynchttpclient.netty.request.NettyRequestSender -- Using pooled Channel '[id: 0x4b817b84, L:/127.0.0.1:51774 - R:/127.0.0.1:4725]' for 'POST' to 'http://127.0.0.1:4725/session/42032dcb-f364-4750-ba3a-bfcb62399d74/element/7.70812.36290485/value'
21:02:26.241 [Forwarding sendKeysToElement on session 42032dcb-f364-4750-ba3a-bfcb62399d74 to remote] DEBUG org.asynchttpclient.netty.request.NettyRequestSender -- Using open Channel [id: 0x4b817b84, L:/127.0.0.1:51774 - R:/127.0.0.1:4725] for POST '/session/42032dcb-f364-4750-ba3a-bfcb62399d74/element/7.70812.36290485/value'
21:02:26.460 [AsyncHttpClient-1-2] DEBUG org.asynchttpclient.netty.handler.HttpHandler -- 

Request DefaultHttpRequest(decodeResult: success, version: HTTP/1.1)
POST /session/42032dcb-f364-4750-ba3a-bfcb62399d74/element/7.70812.36290485/value HTTP/1.1
User-Agent: appium/8.5.1 (selenium/4.9.1 (java windows))
Content-Length: 75
Content-Type: application/json; charset=utf-8
host: 127.0.0.1:4725
accept: */*

Response DefaultHttpResponse(decodeResult: success, version: HTTP/1.1)
HTTP/1.1 200 OK
X-Powered-By: Express
Vary: X-HTTP-Method-Override
Content-Type: application/json; charset=utf-8
Content-Length: 14
ETag: W/"e-9/1BuKMgFObM1mWJm+YjxtXJnUM"
Date: Mon, 02 Mar 2026 15:32:26 GMT
Connection: keep-alive
Keep-Alive: timeout=600

21:02:26.461 [AsyncHttpClient-1-2] DEBUG org.asynchttpclient.netty.channel.ChannelManager -- Adding key: http://127.0.0.1:4725 for channel [id: 0x4b817b84, L:/127.0.0.1:51774 - R:/127.0.0.1:4725]
{ticker=BRK/B, euroflex=false, quantity=null, contract=null, limit=null, jellyroll=false, direction=null}
21:02:26.462 [Forwarding findElements on session 42032dcb-f364-4750-ba3a-bfcb62399d74 to remote] DEBUG org.asynchttpclient.netty.request.NettyRequestSender -- Using pooled Channel '[id: 0x4b817b84, L:/127.0.0.1:51774 - R:/127.0.0.1:4725]' for 'POST' to 'http://127.0.0.1:4725/session/42032dcb-f364-4750-ba3a-bfcb62399d74/elements'
21:02:26.464 [Forwarding findElements on session 42032dcb-f364-4750-ba3a-bfcb62399d74 to remote] DEBUG org.asynchttpclient.netty.request.NettyRequestSender -- Using open Channel [id: 0x4b817b84, L:/127.0.0.1:51774 - R:/127.0.0.1:4725] for POST '/session/42032dcb-f364-4750-ba3a-bfcb62399d74/elements'
21:03:03.877 [AsyncHttpClient-1-2] DEBUG org.asynchttpclient.netty.handler.HttpHandler -- 

Request DefaultHttpRequest(decodeResult: success, version: HTTP/1.1)
POST /session/42032dcb-f364-4750-ba3a-bfcb62399d74/elements HTTP/1.1
User-Agent: appium/8.5.1 (selenium/4.9.1 (java windows))
Content-Length: 70
Content-Type: application/json; charset=utf-8
host: 127.0.0.1:4725
accept: */*

Response DefaultHttpResponse(decodeResult: success, version: HTTP/1.1)
HTTP/1.1 200 OK
X-Powered-By: Express
Vary: X-HTTP-Method-Override
Content-Type: application/json; charset=utf-8
Content-Length: 12
ETag: W/"c-ct3goOI+b+kRZv2R9j2fTtMXwkk"
Date: Mon, 02 Mar 2026 15:33:03 GMT
Connection: keep-alive
Keep-Alive: timeout=600

21:03:03.878 [AsyncHttpClient-1-2] DEBUG org.asynchttpclient.netty.channel.ChannelManager -- Adding key: http://127.0.0.1:4725 for channel [id: 0x4b817b84, L:/127.0.0.1:51774 - R:/127.0.0.1:4725]
]]></system-out>
  </testcase>
  <testcase name="addTickersFromExcel[goog](3)" classname="com.deltaone.tests.AddTickersTest" time="32.062">
    <system-out><![CDATA[&amp#27;[1m&amp#27;[32m>>> [STEP]: &amp#27;[0m&amp#27;[36mSTARTING PROCESS FOR: goog&amp#27;[0m
21:03:03.884 [Forwarding findElement on session 42032dcb-f364-4750-ba3a-bfcb62399d74 to remote] DEBUG org.asynchttpclient.netty.request.NettyRequestSender -- Using pooled Channel '[id: 0x4b817b84, L:/127.0.0.1:51774 - R:/127.0.0.1:4725]' for 'POST' to 'http://127.0.0.1:4725/session/42032dcb-f364-4750-ba3a-bfcb62399d74/element'
21:03:03.884 [Forwarding findElement on session 42032dcb-f364-4750-ba3a-bfcb62399d74 to remote] DEBUG org.asynchttpclient.netty.request.NettyRequestSender -- Using open Channel [id: 0x4b817b84, L:/127.0.0.1:51774 - R:/127.0.0.1:4725] for POST '/session/42032dcb-f364-4750-ba3a-bfcb62399d74/element'
21:03:04.447 [AsyncHttpClient-1-2] DEBUG org.asynchttpclient.netty.handler.HttpHandler -- 

Request DefaultHttpRequest(decodeResult: success, version: HTTP/1.1)
POST /session/42032dcb-f364-4750-ba3a-bfcb62399d74/element HTTP/1.1
User-Agent: appium/8.5.1 (selenium/4.9.1 (java windows))
Content-Length: 53
Content-Type: application/json; charset=utf-8
host: 127.0.0.1:4725
accept: */*

Response DefaultHttpResponse(decodeResult: success, version: HTTP/1.1)
HTTP/1.1 200 OK
X-Powered-By: Express
Vary: X-HTTP-Method-Override
Content-Type: application/json; charset=utf-8
Content-Length: 97
ETag: W/"61-/LxOoGUMnZO9yg712ioK2BIJz7Y"
Date: Mon, 02 Mar 2026 15:33:04 GMT
Connection: keep-alive
Keep-Alive: timeout=600

21:03:04.448 [AsyncHttpClient-1-2] DEBUG org.asynchttpclient.netty.channel.ChannelManager -- Adding key: http://127.0.0.1:4725 for channel [id: 0x4b817b84, L:/127.0.0.1:51774 - R:/127.0.0.1:4725]
21:03:04.451 [Forwarding isElementDisplayed on session 42032dcb-f364-4750-ba3a-bfcb62399d74 to remote] DEBUG org.asynchttpclient.netty.request.NettyRequestSender -- Using pooled Channel '[id: 0x4b817b84, L:/127.0.0.1:51774 - R:/127.0.0.1:4725]' for 'GET' to 'http://127.0.0.1:4725/session/42032dcb-f364-4750-ba3a-bfcb62399d74/element/7.70812.36290485/displayed'
21:03:04.452 [Forwarding isElementDisplayed on session 42032dcb-f364-4750-ba3a-bfcb62399d74 to remote] DEBUG org.asynchttpclient.netty.request.NettyRequestSender -- Using open Channel [id: 0x4b817b84, L:/127.0.0.1:51774 - R:/127.0.0.1:4725] for GET '/session/42032dcb-f364-4750-ba3a-bfcb62399d74/element/7.70812.36290485/displayed'
21:03:04.462 [AsyncHttpClient-1-2] DEBUG org.asynchttpclient.netty.handler.HttpHandler -- 

Request DefaultFullHttpRequest(decodeResult: success, version: HTTP/1.1, content: EmptyByteBufBE)
GET /session/42032dcb-f364-4750-ba3a-bfcb62399d74/element/7.70812.36290485/displayed HTTP/1.1
User-Agent: appium/8.5.1 (selenium/4.9.1 (java windows))
Cache-Control: no-cache
Content-Type: application/json; charset=utf-8
host: 127.0.0.1:4725
accept: */*

Response DefaultHttpResponse(decodeResult: success, version: HTTP/1.1)
HTTP/1.1 200 OK
X-Powered-By: Express
Content-Type: application/json; charset=utf-8
Content-Length: 14
ETag: W/"e-2ZHvAWebNQpyjGZTg6uyV8/spTo"
Date: Mon, 02 Mar 2026 15:33:04 GMT
Connection: keep-alive
Keep-Alive: timeout=600

21:03:04.462 [AsyncHttpClient-1-2] DEBUG org.asynchttpclient.netty.channel.ChannelManager -- Adding key: http://127.0.0.1:4725 for channel [id: 0x4b817b84, L:/127.0.0.1:51774 - R:/127.0.0.1:4725]
21:03:04.464 [Forwarding isElementEnabled on session 42032dcb-f364-4750-ba3a-bfcb62399d74 to remote] DEBUG org.asynchttpclient.netty.request.NettyRequestSender -- Using pooled Channel '[id: 0x4b817b84, L:/127.0.0.1:51774 - R:/127.0.0.1:4725]' for 'GET' to 'http://127.0.0.1:4725/session/42032dcb-f364-4750-ba3a-bfcb62399d74/element/7.70812.36290485/enabled'
21:03:04.464 [Forwarding isElementEnabled on session 42032dcb-f364-4750-ba3a-bfcb62399d74 to remote] DEBUG org.asynchttpclient.netty.request.NettyRequestSender -- Using open Channel [id: 0x4b817b84, L:/127.0.0.1:51774 - R:/127.0.0.1:4725] for GET '/session/42032dcb-f364-4750-ba3a-bfcb62399d74/element/7.70812.36290485/enabled'
21:03:04.480 [AsyncHttpClient-1-2] DEBUG org.asynchttpclient.netty.handler.HttpHandler -- 

Request DefaultFullHttpRequest(decodeResult: success, version: HTTP/1.1, content: EmptyByteBufBE)
GET /session/42032dcb-f364-4750-ba3a-bfcb62399d74/element/7.70812.36290485/enabled HTTP/1.1
User-Agent: appium/8.5.1 (selenium/4.9.1 (java windows))
Cache-Control: no-cache
Content-Type: application/json; charset=utf-8
host: 127.0.0.1:4725
accept: */*

Response DefaultHttpResponse(decodeResult: success, version: HTTP/1.1)
HTTP/1.1 200 OK
X-Powered-By: Express
Content-Type: application/json; charset=utf-8
Content-Length: 14
ETag: W/"e-2ZHvAWebNQpyjGZTg6uyV8/spTo"
Date: Mon, 02 Mar 2026 15:33:04 GMT
Connection: keep-alive
Keep-Alive: timeout=600

21:03:04.481 [AsyncHttpClient-1-2] DEBUG org.asynchttpclient.netty.channel.ChannelManager -- Adding key: http://127.0.0.1:4725 for channel [id: 0x4b817b84, L:/127.0.0.1:51774 - R:/127.0.0.1:4725]
21:03:04.483 [Forwarding clickElement on session 42032dcb-f364-4750-ba3a-bfcb62399d74 to remote] DEBUG org.asynchttpclient.netty.request.NettyRequestSender -- Using pooled Channel '[id: 0x4b817b84, L:/127.0.0.1:51774 - R:/127.0.0.1:4725]' for 'POST' to 'http://127.0.0.1:4725/session/42032dcb-f364-4750-ba3a-bfcb62399d74/element/7.70812.36290485/click'
21:03:04.484 [Forwarding clickElement on session 42032dcb-f364-4750-ba3a-bfcb62399d74 to remote] DEBUG org.asynchttpclient.netty.request.NettyRequestSender -- Using open Channel [id: 0x4b817b84, L:/127.0.0.1:51774 - R:/127.0.0.1:4725] for POST '/session/42032dcb-f364-4750-ba3a-bfcb62399d74/element/7.70812.36290485/click'
21:03:05.448 [AsyncHttpClient-1-2] DEBUG org.asynchttpclient.netty.handler.HttpHandler -- 

Request DefaultHttpRequest(decodeResult: success, version: HTTP/1.1)
POST /session/42032dcb-f364-4750-ba3a-bfcb62399d74/element/7.70812.36290485/click HTTP/1.1
User-Agent: appium/8.5.1 (selenium/4.9.1 (java windows))
Content-Length: 30
Content-Type: application/json; charset=utf-8
host: 127.0.0.1:4725
accept: */*

Response DefaultHttpResponse(decodeResult: success, version: HTTP/1.1)
HTTP/1.1 200 OK
X-Powered-By: Express
Vary: X-HTTP-Method-Override
Content-Type: application/json; charset=utf-8
Content-Length: 14
ETag: W/"e-9/1BuKMgFObM1mWJm+YjxtXJnUM"
Date: Mon, 02 Mar 2026 15:33:05 GMT
Connection: keep-alive
Keep-Alive: timeout=600

21:03:05.448 [AsyncHttpClient-1-2] DEBUG org.asynchttpclient.netty.channel.ChannelManager -- Adding key: http://127.0.0.1:4725 for channel [id: 0x4b817b84, L:/127.0.0.1:51774 - R:/127.0.0.1:4725]
21:03:05.450 [Forwarding clearElement on session 42032dcb-f364-4750-ba3a-bfcb62399d74 to remote] DEBUG org.asynchttpclient.netty.request.NettyRequestSender -- Using pooled Channel '[id: 0x4b817b84, L:/127.0.0.1:51774 - R:/127.0.0.1:4725]' for 'POST' to 'http://127.0.0.1:4725/session/42032dcb-f364-4750-ba3a-bfcb62399d74/element/7.70812.36290485/clear'
21:03:05.451 [Forwarding clearElement on session 42032dcb-f364-4750-ba3a-bfcb62399d74 to remote] DEBUG org.asynchttpclient.netty.request.NettyRequestSender -- Using open Channel [id: 0x4b817b84, L:/127.0.0.1:51774 - R:/127.0.0.1:4725] for POST '/session/42032dcb-f364-4750-ba3a-bfcb62399d74/element/7.70812.36290485/clear'
21:03:05.474 [AsyncHttpClient-1-2] DEBUG org.asynchttpclient.netty.handler.HttpHandler -- 

Request DefaultHttpRequest(decodeResult: success, version: HTTP/1.1)
POST /session/42032dcb-f364-4750-ba3a-bfcb62399d74/element/7.70812.36290485/clear HTTP/1.1
User-Agent: appium/8.5.1 (selenium/4.9.1 (java windows))
Content-Length: 30
Content-Type: application/json; charset=utf-8
host: 127.0.0.1:4725
accept: */*

Response DefaultHttpResponse(decodeResult: success, version: HTTP/1.1)
HTTP/1.1 200 OK
X-Powered-By: Express
Vary: X-HTTP-Method-Override
Content-Type: application/json; charset=utf-8
Content-Length: 14
ETag: W/"e-9/1BuKMgFObM1mWJm+YjxtXJnUM"
Date: Mon, 02 Mar 2026 15:33:05 GMT
Connection: keep-alive
Keep-Alive: timeout=600

21:03:05.474 [AsyncHttpClient-1-2] DEBUG org.asynchttpclient.netty.channel.ChannelManager -- Adding key: http://127.0.0.1:4725 for channel [id: 0x4b817b84, L:/127.0.0.1:51774 - R:/127.0.0.1:4725]
21:03:05.480 [Forwarding sendKeysToElement on session 42032dcb-f364-4750-ba3a-bfcb62399d74 to remote] DEBUG org.asynchttpclient.netty.request.NettyRequestSender -- Using pooled Channel '[id: 0x4b817b84, L:/127.0.0.1:51774 - R:/127.0.0.1:4725]' for 'POST' to 'http://127.0.0.1:4725/session/42032dcb-f364-4750-ba3a-bfcb62399d74/element/7.70812.36290485/value'
21:03:05.480 [Forwarding sendKeysToElement on session 42032dcb-f364-4750-ba3a-bfcb62399d74 to remote] DEBUG org.asynchttpclient.netty.request.NettyRequestSender -- Using open Channel [id: 0x4b817b84, L:/127.0.0.1:51774 - R:/127.0.0.1:4725] for POST '/session/42032dcb-f364-4750-ba3a-bfcb62399d74/element/7.70812.36290485/value'
21:03:05.870 [AsyncHttpClient-1-2] DEBUG org.asynchttpclient.netty.handler.HttpHandler -- 

Request DefaultHttpRequest(decodeResult: success, version: HTTP/1.1)
POST /session/42032dcb-f364-4750-ba3a-bfcb62399d74/element/7.70812.36290485/value HTTP/1.1
User-Agent: appium/8.5.1 (selenium/4.9.1 (java windows))
Content-Length: 101
Content-Type: application/json; charset=utf-8
host: 127.0.0.1:4725
accept: */*

Response DefaultHttpResponse(decodeResult: success, version: HTTP/1.1)
HTTP/1.1 200 OK
X-Powered-By: Express
Vary: X-HTTP-Method-Override
Content-Type: application/json; charset=utf-8
Content-Length: 14
ETag: W/"e-9/1BuKMgFObM1mWJm+YjxtXJnUM"
Date: Mon, 02 Mar 2026 15:33:05 GMT
Connection: keep-alive
Keep-Alive: timeout=600

21:03:05.871 [AsyncHttpClient-1-2] DEBUG org.asynchttpclient.netty.channel.ChannelManager -- Adding key: http://127.0.0.1:4725 for channel [id: 0x4b817b84, L:/127.0.0.1:51774 - R:/127.0.0.1:4725]
21:03:05.873 [Forwarding sendKeysToElement on session 42032dcb-f364-4750-ba3a-bfcb62399d74 to remote] DEBUG org.asynchttpclient.netty.request.NettyRequestSender -- Using pooled Channel '[id: 0x4b817b84, L:/127.0.0.1:51774 - R:/127.0.0.1:4725]' for 'POST' to 'http://127.0.0.1:4725/session/42032dcb-f364-4750-ba3a-bfcb62399d74/element/7.70812.36290485/value'
21:03:05.873 [Forwarding sendKeysToElement on session 42032dcb-f364-4750-ba3a-bfcb62399d74 to remote] DEBUG org.asynchttpclient.netty.request.NettyRequestSender -- Using open Channel [id: 0x4b817b84, L:/127.0.0.1:51774 - R:/127.0.0.1:4725] for POST '/session/42032dcb-f364-4750-ba3a-bfcb62399d74/element/7.70812.36290485/value'
21:03:06.072 [AsyncHttpClient-1-2] DEBUG org.asynchttpclient.netty.handler.HttpHandler -- 

Request DefaultHttpRequest(decodeResult: success, version: HTTP/1.1)
POST /session/42032dcb-f364-4750-ba3a-bfcb62399d74/element/7.70812.36290485/value HTTP/1.1
User-Agent: appium/8.5.1 (selenium/4.9.1 (java windows))
Content-Length: 75
Content-Type: application/json; charset=utf-8
host: 127.0.0.1:4725
accept: */*

Response DefaultHttpResponse(decodeResult: success, version: HTTP/1.1)
HTTP/1.1 200 OK
X-Powered-By: Express
Vary: X-HTTP-Method-Override
Content-Type: application/json; charset=utf-8
Content-Length: 14
ETag: W/"e-9/1BuKMgFObM1mWJm+YjxtXJnUM"
Date: Mon, 02 Mar 2026 15:33:06 GMT
Connection: keep-alive
Keep-Alive: timeout=600

21:03:06.073 [AsyncHttpClient-1-2] DEBUG org.asynchttpclient.netty.channel.ChannelManager -- Adding key: http://127.0.0.1:4725 for channel [id: 0x4b817b84, L:/127.0.0.1:51774 - R:/127.0.0.1:4725]
{ticker=GOOG, euroflex=false, quantity=null, contract=null, limit=null, jellyroll=false, direction=null}
21:03:06.074 [Forwarding findElements on session 42032dcb-f364-4750-ba3a-bfcb62399d74 to remote] DEBUG org.asynchttpclient.netty.request.NettyRequestSender -- Using pooled Channel '[id: 0x4b817b84, L:/127.0.0.1:51774 - R:/127.0.0.1:4725]' for 'POST' to 'http://127.0.0.1:4725/session/42032dcb-f364-4750-ba3a-bfcb62399d74/elements'
21:03:06.075 [Forwarding findElements on session 42032dcb-f364-4750-ba3a-bfcb62399d74 to remote] DEBUG org.asynchttpclient.netty.request.NettyRequestSender -- Using open Channel [id: 0x4b817b84, L:/127.0.0.1:51774 - R:/127.0.0.1:4725] for POST '/session/42032dcb-f364-4750-ba3a-bfcb62399d74/elements'
21:03:35.941 [AsyncHttpClient-1-2] DEBUG org.asynchttpclient.netty.handler.HttpHandler -- 

Request DefaultHttpRequest(decodeResult: success, version: HTTP/1.1)
POST /session/42032dcb-f364-4750-ba3a-bfcb62399d74/elements HTTP/1.1
User-Agent: appium/8.5.1 (selenium/4.9.1 (java windows))
Content-Length: 70
Content-Type: application/json; charset=utf-8
host: 127.0.0.1:4725
accept: */*

Response DefaultHttpResponse(decodeResult: success, version: HTTP/1.1)
HTTP/1.1 200 OK
X-Powered-By: Express
Vary: X-HTTP-Method-Override
Content-Type: application/json; charset=utf-8
Content-Length: 12
ETag: W/"c-ct3goOI+b+kRZv2R9j2fTtMXwkk"
Date: Mon, 02 Mar 2026 15:33:35 GMT
Connection: keep-alive
Keep-Alive: timeout=600

21:03:35.941 [AsyncHttpClient-1-2] DEBUG org.asynchttpclient.netty.channel.ChannelManager -- Adding key: http://127.0.0.1:4725 for channel [id: 0x4b817b84, L:/127.0.0.1:51774 - R:/127.0.0.1:4725]
]]></system-out>
  </testcase>
  <testcase name="addTickersFromExcel[bmo](4)" classname="com.deltaone.tests.AddTickersTest" time="82.751">
    <system-out><![CDATA[&amp#27;[1m&amp#27;[32m>>> [STEP]: &amp#27;[0m&amp#27;[36mSTARTING PROCESS FOR: bmo&amp#27;[0m
21:03:35.962 [Forwarding findElement on session 42032dcb-f364-4750-ba3a-bfcb62399d74 to remote] DEBUG org.asynchttpclient.netty.request.NettyRequestSender -- Using pooled Channel '[id: 0x4b817b84, L:/127.0.0.1:51774 - R:/127.0.0.1:4725]' for 'POST' to 'http://127.0.0.1:4725/session/42032dcb-f364-4750-ba3a-bfcb62399d74/element'
21:03:35.962 [Forwarding findElement on session 42032dcb-f364-4750-ba3a-bfcb62399d74 to remote] DEBUG org.asynchttpclient.netty.request.NettyRequestSender -- Using open Channel [id: 0x4b817b84, L:/127.0.0.1:51774 - R:/127.0.0.1:4725] for POST '/session/42032dcb-f364-4750-ba3a-bfcb62399d74/element'
21:03:36.200 [AsyncHttpClient-1-2] DEBUG org.asynchttpclient.netty.handler.HttpHandler -- 

Request DefaultHttpRequest(decodeResult: success, version: HTTP/1.1)
POST /session/42032dcb-f364-4750-ba3a-bfcb62399d74/element HTTP/1.1
User-Agent: appium/8.5.1 (selenium/4.9.1 (java windows))
Content-Length: 53
Content-Type: application/json; charset=utf-8
host: 127.0.0.1:4725
accept: */*

Response DefaultHttpResponse(decodeResult: success, version: HTTP/1.1)
HTTP/1.1 200 OK
X-Powered-By: Express
Vary: X-HTTP-Method-Override
Content-Type: application/json; charset=utf-8
Content-Length: 97
ETag: W/"61-/LxOoGUMnZO9yg712ioK2BIJz7Y"
Date: Mon, 02 Mar 2026 15:33:36 GMT
Connection: keep-alive
Keep-Alive: timeout=600

21:03:36.201 [AsyncHttpClient-1-2] DEBUG org.asynchttpclient.netty.channel.ChannelManager -- Adding key: http://127.0.0.1:4725 for channel [id: 0x4b817b84, L:/127.0.0.1:51774 - R:/127.0.0.1:4725]
21:03:36.203 [Forwarding isElementDisplayed on session 42032dcb-f364-4750-ba3a-bfcb62399d74 to remote] DEBUG org.asynchttpclient.netty.request.NettyRequestSender -- Using pooled Channel '[id: 0x4b817b84, L:/127.0.0.1:51774 - R:/127.0.0.1:4725]' for 'GET' to 'http://127.0.0.1:4725/session/42032dcb-f364-4750-ba3a-bfcb62399d74/element/7.70812.36290485/displayed'
21:03:36.204 [Forwarding isElementDisplayed on session 42032dcb-f364-4750-ba3a-bfcb62399d74 to remote] DEBUG org.asynchttpclient.netty.request.NettyRequestSender -- Using open Channel [id: 0x4b817b84, L:/127.0.0.1:51774 - R:/127.0.0.1:4725] for GET '/session/42032dcb-f364-4750-ba3a-bfcb62399d74/element/7.70812.36290485/displayed'
21:03:36.214 [AsyncHttpClient-1-2] DEBUG org.asynchttpclient.netty.handler.HttpHandler -- 

Request DefaultFullHttpRequest(decodeResult: success, version: HTTP/1.1, content: EmptyByteBufBE)
GET /session/42032dcb-f364-4750-ba3a-bfcb62399d74/element/7.70812.36290485/displayed HTTP/1.1
User-Agent: appium/8.5.1 (selenium/4.9.1 (java windows))
Cache-Control: no-cache
Content-Type: application/json; charset=utf-8
host: 127.0.0.1:4725
accept: */*

Response DefaultHttpResponse(decodeResult: success, version: HTTP/1.1)
HTTP/1.1 200 OK
X-Powered-By: Express
Content-Type: application/json; charset=utf-8
Content-Length: 14
ETag: W/"e-2ZHvAWebNQpyjGZTg6uyV8/spTo"
Date: Mon, 02 Mar 2026 15:33:36 GMT
Connection: keep-alive
Keep-Alive: timeout=600

21:03:36.215 [AsyncHttpClient-1-2] DEBUG org.asynchttpclient.netty.channel.ChannelManager -- Adding key: http://127.0.0.1:4725 for channel [id: 0x4b817b84, L:/127.0.0.1:51774 - R:/127.0.0.1:4725]
21:03:36.217 [Forwarding isElementEnabled on session 42032dcb-f364-4750-ba3a-bfcb62399d74 to remote] DEBUG org.asynchttpclient.netty.request.NettyRequestSender -- Using pooled Channel '[id: 0x4b817b84, L:/127.0.0.1:51774 - R:/127.0.0.1:4725]' for 'GET' to 'http://127.0.0.1:4725/session/42032dcb-f364-4750-ba3a-bfcb62399d74/element/7.70812.36290485/enabled'
21:03:36.217 [Forwarding isElementEnabled on session 42032dcb-f364-4750-ba3a-bfcb62399d74 to remote] DEBUG org.asynchttpclient.netty.request.NettyRequestSender -- Using open Channel [id: 0x4b817b84, L:/127.0.0.1:51774 - R:/127.0.0.1:4725] for GET '/session/42032dcb-f364-4750-ba3a-bfcb62399d74/element/7.70812.36290485/enabled'
21:03:36.226 [AsyncHttpClient-1-2] DEBUG org.asynchttpclient.netty.handler.HttpHandler -- 

Request DefaultFullHttpRequest(decodeResult: success, version: HTTP/1.1, content: EmptyByteBufBE)
GET /session/42032dcb-f364-4750-ba3a-bfcb62399d74/element/7.70812.36290485/enabled HTTP/1.1
User-Agent: appium/8.5.1 (selenium/4.9.1 (java windows))
Cache-Control: no-cache
Content-Type: application/json; charset=utf-8
host: 127.0.0.1:4725
accept: */*

Response DefaultHttpResponse(decodeResult: success, version: HTTP/1.1)
HTTP/1.1 200 OK
X-Powered-By: Express
Content-Type: application/json; charset=utf-8
Content-Length: 14
ETag: W/"e-2ZHvAWebNQpyjGZTg6uyV8/spTo"
Date: Mon, 02 Mar 2026 15:33:36 GMT
Connection: keep-alive
Keep-Alive: timeout=600

21:03:36.226 [AsyncHttpClient-1-2] DEBUG org.asynchttpclient.netty.channel.ChannelManager -- Adding key: http://127.0.0.1:4725 for channel [id: 0x4b817b84, L:/127.0.0.1:51774 - R:/127.0.0.1:4725]
21:03:36.228 [Forwarding clickElement on session 42032dcb-f364-4750-ba3a-bfcb62399d74 to remote] DEBUG org.asynchttpclient.netty.request.NettyRequestSender -- Using pooled Channel '[id: 0x4b817b84, L:/127.0.0.1:51774 - R:/127.0.0.1:4725]' for 'POST' to 'http://127.0.0.1:4725/session/42032dcb-f364-4750-ba3a-bfcb62399d74/element/7.70812.36290485/click'
21:03:36.228 [Forwarding clickElement on session 42032dcb-f364-4750-ba3a-bfcb62399d74 to remote] DEBUG org.asynchttpclient.netty.request.NettyRequestSender -- Using open Channel [id: 0x4b817b84, L:/127.0.0.1:51774 - R:/127.0.0.1:4725] for POST '/session/42032dcb-f364-4750-ba3a-bfcb62399d74/element/7.70812.36290485/click'
21:03:37.101 [AsyncHttpClient-1-2] DEBUG org.asynchttpclient.netty.handler.HttpHandler -- 

Request DefaultHttpRequest(decodeResult: success, version: HTTP/1.1)
POST /session/42032dcb-f364-4750-ba3a-bfcb62399d74/element/7.70812.36290485/click HTTP/1.1
User-Agent: appium/8.5.1 (selenium/4.9.1 (java windows))
Content-Length: 30
Content-Type: application/json; charset=utf-8
host: 127.0.0.1:4725
accept: */*

Response DefaultHttpResponse(decodeResult: success, version: HTTP/1.1)
HTTP/1.1 200 OK
X-Powered-By: Express
Vary: X-HTTP-Method-Override
Content-Type: application/json; charset=utf-8
Content-Length: 14
ETag: W/"e-9/1BuKMgFObM1mWJm+YjxtXJnUM"
Date: Mon, 02 Mar 2026 15:33:37 GMT
Connection: keep-alive
Keep-Alive: timeout=600

21:03:37.101 [AsyncHttpClient-1-2] DEBUG org.asynchttpclient.netty.channel.ChannelManager -- Adding key: http://127.0.0.1:4725 for channel [id: 0x4b817b84, L:/127.0.0.1:51774 - R:/127.0.0.1:4725]
21:03:37.103 [Forwarding clearElement on session 42032dcb-f364-4750-ba3a-bfcb62399d74 to remote] DEBUG org.asynchttpclient.netty.request.NettyRequestSender -- Using pooled Channel '[id: 0x4b817b84, L:/127.0.0.1:51774 - R:/127.0.0.1:4725]' for 'POST' to 'http://127.0.0.1:4725/session/42032dcb-f364-4750-ba3a-bfcb62399d74/element/7.70812.36290485/clear'
21:03:37.104 [Forwarding clearElement on session 42032dcb-f364-4750-ba3a-bfcb62399d74 to remote] DEBUG org.asynchttpclient.netty.request.NettyRequestSender -- Using open Channel [id: 0x4b817b84, L:/127.0.0.1:51774 - R:/127.0.0.1:4725] for POST '/session/42032dcb-f364-4750-ba3a-bfcb62399d74/element/7.70812.36290485/clear'
21:03:37.175 [AsyncHttpClient-1-2] DEBUG org.asynchttpclient.netty.handler.HttpHandler -- 

Request DefaultHttpRequest(decodeResult: success, version: HTTP/1.1)
POST /session/42032dcb-f364-4750-ba3a-bfcb62399d74/element/7.70812.36290485/clear HTTP/1.1
User-Agent: appium/8.5.1 (selenium/4.9.1 (java windows))
Content-Length: 30
Content-Type: application/json; charset=utf-8
host: 127.0.0.1:4725
accept: */*

Response DefaultHttpResponse(decodeResult: success, version: HTTP/1.1)
HTTP/1.1 200 OK
X-Powered-By: Express
Vary: X-HTTP-Method-Override
Content-Type: application/json; charset=utf-8
Content-Length: 14
ETag: W/"e-9/1BuKMgFObM1mWJm+YjxtXJnUM"
Date: Mon, 02 Mar 2026 15:33:37 GMT
Connection: keep-alive
Keep-Alive: timeout=600

21:03:37.175 [AsyncHttpClient-1-2] DEBUG org.asynchttpclient.netty.channel.ChannelManager -- Adding key: http://127.0.0.1:4725 for channel [id: 0x4b817b84, L:/127.0.0.1:51774 - R:/127.0.0.1:4725]
21:03:37.179 [Forwarding sendKeysToElement on session 42032dcb-f364-4750-ba3a-bfcb62399d74 to remote] DEBUG org.asynchttpclient.netty.request.NettyRequestSender -- Using pooled Channel '[id: 0x4b817b84, L:/127.0.0.1:51774 - R:/127.0.0.1:4725]' for 'POST' to 'http://127.0.0.1:4725/session/42032dcb-f364-4750-ba3a-bfcb62399d74/element/7.70812.36290485/value'
21:03:37.180 [Forwarding sendKeysToElement on session 42032dcb-f364-4750-ba3a-bfcb62399d74 to remote] DEBUG org.asynchttpclient.netty.request.NettyRequestSender -- Using open Channel [id: 0x4b817b84, L:/127.0.0.1:51774 - R:/127.0.0.1:4725] for POST '/session/42032dcb-f364-4750-ba3a-bfcb62399d74/element/7.70812.36290485/value'
[...]

21:09:08.241 [AsyncHttpClient-1-2] DEBUG org.asynchttpclient.netty.channel.ChannelManager -- Adding key: http://127.0.0.1:4725 for channel [id: 0x4b817b84, L:/127.0.0.1:51774 - R:/127.0.0.1:4725]
21:09:08.242 [Forwarding clearElement on session 42032dcb-f364-4750-ba3a-bfcb62399d74 to remote] DEBUG org.asynchttpclient.netty.request.NettyRequestSender -- Using pooled Channel '[id: 0x4b817b84, L:/127.0.0.1:51774 - R:/127.0.0.1:4725]' for 'POST' to 'http://127.0.0.1:4725/session/42032dcb-f364-4750-ba3a-bfcb62399d74/element/7.70812.36290485/clear'
21:09:08.243 [Forwarding clearElement on session 42032dcb-f364-4750-ba3a-bfcb62399d74 to remote] DEBUG org.asynchttpclient.netty.request.NettyRequestSender -- Using open Channel [id: 0x4b817b84, L:/127.0.0.1:51774 - R:/127.0.0.1:4725] for POST '/session/42032dcb-f364-4750-ba3a-bfcb62399d74/element/7.70812.36290485/clear'
21:09:08.337 [AsyncHttpClient-1-2] DEBUG org.asynchttpclient.netty.handler.HttpHandler -- 

Request DefaultHttpRequest(decodeResult: success, version: HTTP/1.1)
POST /session/42032dcb-f364-4750-ba3a-bfcb62399d74/element/7.70812.36290485/clear HTTP/1.1
User-Agent: appium/8.5.1 (selenium/4.9.1 (java windows))
Content-Length: 30
Content-Type: application/json; charset=utf-8
host: 127.0.0.1:4725
accept: */*

Response DefaultHttpResponse(decodeResult: success, version: HTTP/1.1)
HTTP/1.1 200 OK
X-Powered-By: Express
Vary: X-HTTP-Method-Override
Content-Type: application/json; charset=utf-8
Content-Length: 14
ETag: W/"e-9/1BuKMgFObM1mWJm+YjxtXJnUM"
Date: Mon, 02 Mar 2026 15:39:08 GMT
Connection: keep-alive
Keep-Alive: timeout=600

21:09:08.337 [AsyncHttpClient-1-2] DEBUG org.asynchttpclient.netty.channel.ChannelManager -- Adding key: http://127.0.0.1:4725 for channel [id: 0x4b817b84, L:/127.0.0.1:51774 - R:/127.0.0.1:4725]
21:09:08.340 [Forwarding sendKeysToElement on session 42032dcb-f364-4750-ba3a-bfcb62399d74 to remote] DEBUG org.asynchttpclient.netty.request.NettyRequestSender -- Using pooled Channel '[id: 0x4b817b84, L:/127.0.0.1:51774 - R:/127.0.0.1:4725]' for 'POST' to 'http://127.0.0.1:4725/session/42032dcb-f364-4750-ba3a-bfcb62399d74/element/7.70812.36290485/value'
21:09:08.340 [Forwarding sendKeysToElement on session 42032dcb-f364-4750-ba3a-bfcb62399d74 to remote] DEBUG org.asynchttpclient.netty.request.NettyRequestSender -- Using open Channel [id: 0x4b817b84, L:/127.0.0.1:51774 - R:/127.0.0.1:4725] for POST '/session/42032dcb-f364-4750-ba3a-bfcb62399d74/element/7.70812.36290485/value'
21:09:10.267 [AsyncHttpClient-1-2] DEBUG org.asynchttpclient.netty.handler.HttpHandler -- 

Request DefaultHttpRequest(decodeResult: success, version: HTTP/1.1)
POST /session/42032dcb-f364-4750-ba3a-bfcb62399d74/element/7.70812.36290485/value HTTP/1.1
User-Agent: appium/8.5.1 (selenium/4.9.1 (java windows))
Content-Length: 361
Content-Type: application/json; charset=utf-8
host: 127.0.0.1:4725
accept: */*

Response DefaultHttpResponse(decodeResult: success, version: HTTP/1.1)
HTTP/1.1 200 OK
X-Powered-By: Express
Vary: X-HTTP-Method-Override
Content-Type: application/json; charset=utf-8
Content-Length: 14
ETag: W/"e-9/1BuKMgFObM1mWJm+YjxtXJnUM"
Date: Mon, 02 Mar 2026 15:39:10 GMT
Connection: keep-alive
Keep-Alive: timeout=600

21:09:10.267 [AsyncHttpClient-1-2] DEBUG org.asynchttpclient.netty.channel.ChannelManager -- Adding key: http://127.0.0.1:4725 for channel [id: 0x4b817b84, L:/127.0.0.1:51774 - R:/127.0.0.1:4725]
21:09:10.270 [Forwarding sendKeysToElement on session 42032dcb-f364-4750-ba3a-bfcb62399d74 to remote] DEBUG org.asynchttpclient.netty.request.NettyRequestSender -- Using pooled Channel '[id: 0x4b817b84, L:/127.0.0.1:51774 - R:/127.0.0.1:4725]' for 'POST' to 'http://127.0.0.1:4725/session/42032dcb-f364-4750-ba3a-bfcb62399d74/element/7.70812.36290485/value'
21:09:10.270 [Forwarding sendKeysToElement on session 42032dcb-f364-4750-ba3a-bfcb62399d74 to remote] DEBUG org.asynchttpclient.netty.request.NettyRequestSender -- Using open Channel [id: 0x4b817b84, L:/127.0.0.1:51774 - R:/127.0.0.1:4725] for POST '/session/42032dcb-f364-4750-ba3a-bfcb62399d74/element/7.70812.36290485/value'
21:09:10.483 [AsyncHttpClient-1-2] DEBUG org.asynchttpclient.netty.handler.HttpHandler -- 

Request DefaultHttpRequest(decodeResult: success, version: HTTP/1.1)
POST /session/42032dcb-f364-4750-ba3a-bfcb62399d74/element/7.70812.36290485/value HTTP/1.1
User-Agent: appium/8.5.1 (selenium/4.9.1 (java windows))
Content-Length: 75
Content-Type: application/json; charset=utf-8
host: 127.0.0.1:4725
accept: */*

Response DefaultHttpResponse(decodeResult: success, version: HTTP/1.1)
HTTP/1.1 200 OK
X-Powered-By: Express
Vary: X-HTTP-Method-Override
Content-Type: application/json; charset=utf-8
Content-Length: 14
ETag: W/"e-9/1BuKMgFObM1mWJm+YjxtXJnUM"
Date: Mon, 02 Mar 2026 15:39:10 GMT
Connection: keep-alive
Keep-Alive: timeout=600

21:09:10.483 [AsyncHttpClient-1-2] DEBUG org.asynchttpclient.netty.channel.ChannelManager -- Adding key: http://127.0.0.1:4725 for channel [id: 0x4b817b84, L:/127.0.0.1:51774 - R:/127.0.0.1:4725]
{ticker=GLD, euroflex=true, quantity=null, contract=DEC 361-MAR 385 JROLL EURO, limit=null, jellyroll=true, direction=null}
21:09:10.485 [Forwarding findElements on session 42032dcb-f364-4750-ba3a-bfcb62399d74 to remote] DEBUG org.asynchttpclient.netty.request.NettyRequestSender -- Using pooled Channel '[id: 0x4b817b84, L:/127.0.0.1:51774 - R:/127.0.0.1:4725]' for 'POST' to 'http://127.0.0.1:4725/session/42032dcb-f364-4750-ba3a-bfcb62399d74/elements'
21:09:10.485 [Forwarding findElements on session 42032dcb-f364-4750-ba3a-bfcb62399d74 to remote] DEBUG org.asynchttpclient.netty.request.NettyRequestSender -- Using open Channel [id: 0x4b817b84, L:/127.0.0.1:51774 - R:/127.0.0.1:4725] for POST '/session/42032dcb-f364-4750-ba3a-bfcb62399d74/elements'
21:09:46.322 [AsyncHttpClient-1-2] DEBUG org.asynchttpclient.netty.handler.HttpHandler -- 

Request DefaultHttpRequest(decodeResult: success, version: HTTP/1.1)
POST /session/42032dcb-f364-4750-ba3a-bfcb62399d74/elements HTTP/1.1
User-Agent: appium/8.5.1 (selenium/4.9.1 (java windows))
Content-Length: 70
Content-Type: application/json; charset=utf-8
host: 127.0.0.1:4725
accept: */*

Response DefaultHttpResponse(decodeResult: success, version: HTTP/1.1)
HTTP/1.1 200 OK
X-Powered-By: Express
Vary: X-HTTP-Method-Override
Content-Type: application/json; charset=utf-8
Content-Length: 12
ETag: W/"c-ct3goOI+b+kRZv2R9j2fTtMXwkk"
Date: Mon, 02 Mar 2026 15:39:46 GMT
Connection: keep-alive
Keep-Alive: timeout=600

21:09:46.322 [AsyncHttpClient-1-2] DEBUG org.asynchttpclient.netty.channel.ChannelManager -- Adding key: http://127.0.0.1:4725 for channel [id: 0x4b817b84, L:/127.0.0.1:51774 - R:/127.0.0.1:4725]
]]></system-out>
  </testcase>
  <testcase name="addTickersFromExcel[aapl dec 231-mar 280 euroflex jellyroll](12)" classname="com.deltaone.tests.AddTickersTest" time="36.697">
    <system-out><![CDATA[&amp#27;[1m&amp#27;[32m>>> [STEP]: &amp#27;[0m&amp#27;[36mSTARTING PROCESS FOR: aapl dec 231-mar 280 euroflex jellyroll&amp#27;[0m
21:09:46.333 [Forwarding findElement on session 42032dcb-f364-4750-ba3a-bfcb62399d74 to remote] DEBUG org.asynchttpclient.netty.request.NettyRequestSender -- Using pooled Channel '[id: 0x4b817b84, L:/127.0.0.1:51774 - R:/127.0.0.1:4725]' for 'POST' to 'http://127.0.0.1:4725/session/42032dcb-f364-4750-ba3a-bfcb62399d74/element'
21:09:46.333 [Forwarding findElement on session 42032dcb-f364-4750-ba3a-bfcb62399d74 to remote] DEBUG org.asynchttpclient.netty.request.NettyRequestSender -- Using open Channel [id: 0x4b817b84, L:/127.0.0.1:51774 - R:/127.0.0.1:4725] for POST '/session/42032dcb-f364-4750-ba3a-bfcb62399d74/element'
21:09:46.604 [AsyncHttpClient-1-2] DEBUG org.asynchttpclient.netty.handler.HttpHandler -- 

Request DefaultHttpRequest(decodeResult: success, version: HTTP/1.1)
POST /session/42032dcb-f364-4750-ba3a-bfcb62399d74/element HTTP/1.1
User-Agent: appium/8.5.1 (selenium/4.9.1 (java windows))
Content-Length: 53
Content-Type: application/json; charset=utf-8
host: 127.0.0.1:4725
accept: */*

Response DefaultHttpResponse(decodeResult: success, version: HTTP/1.1)
HTTP/1.1 200 OK
X-Powered-By: Express
Vary: X-HTTP-Method-Override
Content-Type: application/json; charset=utf-8
Content-Length: 97
ETag: W/"61-/LxOoGUMnZO9yg712ioK2BIJz7Y"
Date: Mon, 02 Mar 2026 15:39:46 GMT
Connection: keep-alive
Keep-Alive: timeout=600

21:09:46.605 [AsyncHttpClient-1-2] DEBUG org.asynchttpclient.netty.channel.ChannelManager -- Adding key: http://127.0.0.1:4725 for channel [id: 0x4b817b84, L:/127.0.0.1:51774 - R:/127.0.0.1:4725]
21:09:46.606 [Forwarding isElementDisplayed on session 42032dcb-f364-4750-ba3a-bfcb62399d74 to remote] DEBUG org.asynchttpclient.netty.request.NettyRequestSender -- Using pooled Channel '[id: 0x4b817b84, L:/127.0.0.1:51774 - R:/127.0.0.1:4725]' for 'GET' to 'http://127.0.0.1:4725/session/42032dcb-f364-4750-ba3a-bfcb62399d74/element/7.70812.36290485/displayed'
21:09:46.606 [Forwarding isElementDisplayed on session 42032dcb-f364-4750-ba3a-bfcb62399d74 to remote] DEBUG org.asynchttpclient.netty.request.NettyRequestSender -- Using open Channel [id: 0x4b817b84, L:/127.0.0.1:51774 - R:/127.0.0.1:4725] for GET '/session/42032dcb-f364-4750-ba3a-bfcb62399d74/element/7.70812.36290485/displayed'
21:09:46.613 [AsyncHttpClient-1-2] DEBUG org.asynchttpclient.netty.handler.HttpHandler -- 

Request DefaultFullHttpRequest(decodeResult: success, version: HTTP/1.1, content: EmptyByteBufBE)
GET /session/42032dcb-f364-4750-ba3a-bfcb62399d74/element/7.70812.36290485/displayed HTTP/1.1
User-Agent: appium/8.5.1 (selenium/4.9.1 (java windows))
Cache-Control: no-cache
Content-Type: application/json; charset=utf-8
host: 127.0.0.1:4725
accept: */*

Response DefaultHttpResponse(decodeResult: success, version: HTTP/1.1)
HTTP/1.1 200 OK
X-Powered-By: Express
Content-Type: application/json; charset=utf-8
Content-Length: 14
ETag: W/"e-2ZHvAWebNQpyjGZTg6uyV8/spTo"
Date: Mon, 02 Mar 2026 15:39:46 GMT
Connection: keep-alive
Keep-Alive: timeout=600

21:09:46.613 [AsyncHttpClient-1-2] DEBUG org.asynchttpclient.netty.channel.ChannelManager -- Adding key: http://127.0.0.1:4725 for channel [id: 0x4b817b84, L:/127.0.0.1:51774 - R:/127.0.0.1:4725]
21:09:46.617 [Forwarding isElementEnabled on session 42032dcb-f364-4750-ba3a-bfcb62399d74 to remote] DEBUG org.asynchttpclient.netty.request.NettyRequestSender -- Using pooled Channel '[id: 0x4b817b84, L:/127.0.0.1:51774 - R:/127.0.0.1:4725]' for 'GET' to 'http://127.0.0.1:4725/session/42032dcb-f364-4750-ba3a-bfcb62399d74/element/7.70812.36290485/enabled'
21:09:46.617 [Forwarding isElementEnabled on session 42032dcb-f364-4750-ba3a-bfcb62399d74 to remote] DEBUG org.asynchttpclient.netty.request.NettyRequestSender -- Using open Channel [id: 0x4b817b84, L:/127.0.0.1:51774 - R:/127.0.0.1:4725] for GET '/session/42032dcb-f364-4750-ba3a-bfcb62399d74/element/7.70812.36290485/enabled'
21:09:46.624 [AsyncHttpClient-1-2] DEBUG org.asynchttpclient.netty.handler.HttpHandler -- 

Request DefaultFullHttpRequest(decodeResult: success, version: HTTP/1.1, content: EmptyByteBufBE)
GET /session/42032dcb-f364-4750-ba3a-bfcb62399d74/element/7.70812.36290485/enabled HTTP/1.1
User-Agent: appium/8.5.1 (selenium/4.9.1 (java windows))
Cache-Control: no-cache
Content-Type: application/json; charset=utf-8
host: 127.0.0.1:4725
accept: */*

Response DefaultHttpResponse(decodeResult: success, version: HTTP/1.1)
HTTP/1.1 200 OK
X-Powered-By: Express
Content-Type: application/json; charset=utf-8
Content-Length: 14
ETag: W/"e-2ZHvAWebNQpyjGZTg6uyV8/spTo"
Date: Mon, 02 Mar 2026 15:39:46 GMT
Connection: keep-alive
Keep-Alive: timeout=600

21:09:46.625 [AsyncHttpClient-1-2] DEBUG org.asynchttpclient.netty.channel.ChannelManager -- Adding key: http://127.0.0.1:4725 for channel [id: 0x4b817b84, L:/127.0.0.1:51774 - R:/127.0.0.1:4725]
21:09:46.626 [Forwarding clickElement on session 42032dcb-f364-4750-ba3a-bfcb62399d74 to remote] DEBUG org.asynchttpclient.netty.request.NettyRequestSender -- Using pooled Channel '[id: 0x4b817b84, L:/127.0.0.1:51774 - R:/127.0.0.1:4725]' for 'POST' to 'http://127.0.0.1:4725/session/42032dcb-f364-4750-ba3a-bfcb62399d74/element/7.70812.36290485/click'
21:09:46.626 [Forwarding clickElement on session 42032dcb-f364-4750-ba3a-bfcb62399d74 to remote] DEBUG org.asynchttpclient.netty.request.NettyRequestSender -- Using open Channel [id: 0x4b817b84, L:/127.0.0.1:51774 - R:/127.0.0.1:4725] for POST '/session/42032dcb-f364-4750-ba3a-bfcb62399d74/element/7.70812.36290485/click'
21:09:47.484 [AsyncHttpClient-1-2] DEBUG org.asynchttpclient.netty.handler.HttpHandler -- 

Request DefaultHttpRequest(decodeResult: success, version: HTTP/1.1)
POST /session/42032dcb-f364-4750-ba3a-bfcb62399d74/element/7.70812.36290485/click HTTP/1.1
User-Agent: appium/8.5.1 (selenium/4.9.1 (java windows))
Content-Length: 30
Content-Type: application/json; charset=utf-8
host: 127.0.0.1:4725
accept: */*

Response DefaultHttpResponse(decodeResult: success, version: HTTP/1.1)
HTTP/1.1 200 OK
X-Powered-By: Express
Vary: X-HTTP-Method-Override
Content-Type: application/json; charset=utf-8
Content-Length: 14
ETag: W/"e-9/1BuKMgFObM1mWJm+YjxtXJnUM"
Date: Mon, 02 Mar 2026 15:39:47 GMT
Connection: keep-alive
Keep-Alive: timeout=600

21:09:47.484 [AsyncHttpClient-1-2] DEBUG org.asynchttpclient.netty.channel.ChannelManager -- Adding key: http://127.0.0.1:4725 for channel [id: 0x4b817b84, L:/127.0.0.1:51774 - R:/127.0.0.1:4725]
21:09:47.486 [Forwarding clearElement on session 42032dcb-f364-4750-ba3a-bfcb62399d74 to remote] DEBUG org.asynchttpclient.netty.request.NettyRequestSender -- Using pooled Channel '[id: 0x4b817b84, L:/127.0.0.1:51774 - R:/127.0.0.1:4725]' for 'POST' to 'http://127.0.0.1:4725/session/42032dcb-f364-4750-ba3a-bfcb62399d74/element/7.70812.36290485/clear'
21:09:47.486 [Forwarding clearElement on session 42032dcb-f364-4750-ba3a-bfcb62399d74 to remote] DEBUG org.asynchttpclient.netty.request.NettyRequestSender -- Using open Channel [id: 0x4b817b84, L:/127.0.0.1:51774 - R:/127.0.0.1:4725] for POST '/session/42032dcb-f364-4750-ba3a-bfcb62399d74/element/7.70812.36290485/clear'
21:09:47.507 [AsyncHttpClient-1-2] DEBUG org.asynchttpclient.netty.handler.HttpHandler -- 

Request DefaultHttpRequest(decodeResult: success, version: HTTP/1.1)
POST /session/42032dcb-f364-4750-ba3a-bfcb62399d74/element/7.70812.36290485/clear HTTP/1.1
User-Agent: appium/8.5.1 (selenium/4.9.1 (java windows))
Content-Length: 30
Content-Type: application/json; charset=utf-8
host: 127.0.0.1:4725
accept: */*

Response DefaultHttpResponse(decodeResult: success, version: HTTP/1.1)
HTTP/1.1 200 OK
X-Powered-By: Express
Vary: X-HTTP-Method-Override
Content-Type: application/json; charset=utf-8
Content-Length: 14
ETag: W/"e-9/1BuKMgFObM1mWJm+YjxtXJnUM"
Date: Mon, 02 Mar 2026 15:39:47 GMT
Connection: keep-alive
Keep-Alive: timeout=600

21:09:47.507 [AsyncHttpClient-1-2] DEBUG org.asynchttpclient.netty.channel.ChannelManager -- Adding key: http://127.0.0.1:4725 for channel [id: 0x4b817b84, L:/127.0.0.1:51774 - R:/127.0.0.1:4725]
21:09:47.509 [Forwarding sendKeysToElement on session 42032dcb-f364-4750-ba3a-bfcb62399d74 to remote] DEBUG org.asynchttpclient.netty.request.NettyRequestSender -- Using pooled Channel '[id: 0x4b817b84, L:/127.0.0.1:51774 - R:/127.0.0.1:4725]' for 'POST' to 'http://127.0.0.1:4725/session/42032dcb-f364-4750-ba3a-bfcb62399d74/element/7.70812.36290485/value'
21:09:47.510 [Forwarding sendKeysToElement on session 42032dcb-f364-4750-ba3a-bfcb62399d74 to remote] DEBUG org.asynchttpclient.netty.request.NettyRequestSender -- Using open Channel [id: 0x4b817b84, L:/127.0.0.1:51774 - R:/127.0.0.1:4725] for POST '/session/42032dcb-f364-4750-ba3a-bfcb62399d74/element/7.70812.36290485/value'
21:09:50.099 [AsyncHttpClient-1-2] DEBUG org.asynchttpclient.netty.handler.HttpHandler -- 

Request DefaultHttpRequest(decodeResult: success, version: HTTP/1.1)
POST /session/42032dcb-f364-4750-ba3a-bfcb62399d74/element/7.70812.36290485/value HTTP/1.1
User-Agent: appium/8.5.1 (selenium/4.9.1 (java windows))
Content-Length: 451
Content-Type: application/json; charset=utf-8
host: 127.0.0.1:4725
accept: */*

Response DefaultHttpResponse(decodeResult: success, version: HTTP/1.1)
HTTP/1.1 200 OK
X-Powered-By: Express
Vary: X-HTTP-Method-Override
Content-Type: application/json; charset=utf-8
Content-Length: 14
ETag: W/"e-9/1BuKMgFObM1mWJm+YjxtXJnUM"
Date: Mon, 02 Mar 2026 15:39:50 GMT
Connection: keep-alive
Keep-Alive: timeout=600

21:09:50.099 [AsyncHttpClient-1-2] DEBUG org.asynchttpclient.netty.channel.ChannelManager -- Adding key: http://127.0.0.1:4725 for channel [id: 0x4b817b84, L:/127.0.0.1:51774 - R:/127.0.0.1:4725]
21:09:50.101 [Forwarding sendKeysToElement on session 42032dcb-f364-4750-ba3a-bfcb62399d74 to remote] DEBUG org.asynchttpclient.netty.request.NettyRequestSender -- Using pooled Channel '[id: 0x4b817b84, L:/127.0.0.1:51774 - R:/127.0.0.1:4725]' for 'POST' to 'http://127.0.0.1:4725/session/42032dcb-f364-4750-ba3a-bfcb62399d74/element/7.70812.36290485/value'
21:09:50.101 [Forwarding sendKeysToElement on session 42032dcb-f364-4750-ba3a-bfcb62399d74 to remote] DEBUG org.asynchttpclient.netty.request.NettyRequestSender -- Using open Channel [id: 0x4b817b84, L:/127.0.0.1:51774 - R:/127.0.0.1:4725] for POST '/session/42032dcb-f364-4750-ba3a-bfcb62399d74/element/7.70812.36290485/value'
21:09:50.391 [AsyncHttpClient-1-2] DEBUG org.asynchttpclient.netty.handler.HttpHandler -- 

Request DefaultHttpRequest(decodeResult: success, version: HTTP/1.1)
POST /session/42032dcb-f364-4750-ba3a-bfcb62399d74/element/7.70812.36290485/value HTTP/1.1
User-Agent: appium/8.5.1 (selenium/4.9.1 (java windows))
Content-Length: 75
Content-Type: application/json; charset=utf-8
host: 127.0.0.1:4725
accept: */*

Response DefaultHttpResponse(decodeResult: success, version: HTTP/1.1)
HTTP/1.1 200 OK
X-Powered-By: Express
Vary: X-HTTP-Method-Override
Content-Type: application/json; charset=utf-8
Content-Length: 14
ETag: W/"e-9/1BuKMgFObM1mWJm+YjxtXJnUM"
Date: Mon, 02 Mar 2026 15:39:50 GMT
Connection: keep-alive
Keep-Alive: timeout=600

21:09:50.392 [AsyncHttpClient-1-2] DEBUG org.asynchttpclient.netty.channel.ChannelManager -- Adding key: http://127.0.0.1:4725 for channel [id: 0x4b817b84, L:/127.0.0.1:51774 - R:/127.0.0.1:4725]
{ticker=AAPL, euroflex=true, quantity=null, contract=DEC 231-MAR 280, limit=null, jellyroll=true, direction=null}
21:09:50.394 [Forwarding findElements on session 42032dcb-f364-4750-ba3a-bfcb62399d74 to remote] DEBUG org.asynchttpclient.netty.request.NettyRequestSender -- Using pooled Channel '[id: 0x4b817b84, L:/127.0.0.1:51774 - R:/127.0.0.1:4725]' for 'POST' to 'http://127.0.0.1:4725/session/42032dcb-f364-4750-ba3a-bfcb62399d74/elements'
21:09:50.394 [Forwarding findElements on session 42032dcb-f364-4750-ba3a-bfcb62399d74 to remote] DEBUG org.asynchttpclient.netty.request.NettyRequestSender -- Using open Channel [id: 0x4b817b84, L:/127.0.0.1:51774 - R:/127.0.0.1:4725] for POST '/session/42032dcb-f364-4750-ba3a-bfcb62399d74/elements'
21:10:23.026 [AsyncHttpClient-1-2] DEBUG org.asynchttpclient.netty.handler.HttpHandler -- 

Request DefaultHttpRequest(decodeResult: success, version: HTTP/1.1)
POST /session/42032dcb-f364-4750-ba3a-bfcb62399d74/elements HTTP/1.1
User-Agent: appium/8.5.1 (selenium/4.9.1 (java windows))
Content-Length: 70
Content-Type: application/json; charset=utf-8
host: 127.0.0.1:4725
accept: */*

Response DefaultHttpResponse(decodeResult: success, version: HTTP/1.1)
HTTP/1.1 200 OK
X-Powered-By: Express
Vary: X-HTTP-Method-Override
Content-Type: application/json; charset=utf-8
Content-Length: 12
ETag: W/"c-ct3goOI+b+kRZv2R9j2fTtMXwkk"
Date: Mon, 02 Mar 2026 15:40:23 GMT
Connection: keep-alive
Keep-Alive: timeout=600

21:10:23.027 [AsyncHttpClient-1-2] DEBUG org.asynchttpclient.netty.channel.ChannelManager -- Adding key: http://127.0.0.1:4725 for channel [id: 0x4b817b84, L:/127.0.0.1:51774 - R:/127.0.0.1:4725]
]]></system-out>
  </testcase>
</testsuite>