<?xml version="1.0" encoding="UTF-8"?>
<testng-results ignored="0" total="12" passed="12" failed="0" skipped="0">
  <reporter-output>
  </reporter-output>
  <suite started-at="2026-03-02T21:01:13 IST" name="Delta1 Automation Suite" finished-at="2026-03-02T21:10:23 IST" duration-ms="549175">
    <groups>
    </groups>
    <test started-at="2026-03-02T21:01:13 IST" name="Desktop Tests" finished-at="2026-03-02T21:10:23 IST" duration-ms="549175">
      <class name="com.deltaone.tests.AddTickersTest">
        <test-method is-config="true" signature="startAppiumServer()[pri:0, instance:com.deltaone.tests.AddTickersTest@78ffe6dc]" started-at="2026-03-02T21:01:13 IST" name="startAppiumServer" finished-at="2026-03-02T21:01:13 IST" duration-ms="150" status="PASS">
          <reporter-output>
          </reporter-output>
        </test-method> <!-- startAppiumServer -->
        <test-method is-config="true" signature="setUp()[pri:0, instance:com.deltaone.tests.AddTickersTest@78ffe6dc]" started-at="2026-03-02T21:01:13 IST" name="setUp" finished-at="2026-03-02T21:01:18 IST" duration-ms="4208" status="PASS">
          <reporter-output>
          </reporter-output>
        </test-method> <!-- setUp -->
        <test-method is-config="true" signature="setupPageObjects()[pri:0, instance:com.deltaone.tests.AddTickersTest@78ffe6dc]" started-at="2026-03-02T21:01:18 IST" name="setupPageObjects" finished-at="2026-03-02T21:01:23 IST" duration-ms="5768" status="PASS">
          <reporter-output>
          </reporter-output>
        </test-method> <!-- setupPageObjects -->
        <test-method signature="addTickersFromExcel(java.lang.String)[pri:0, instance:com.deltaone.tests.AddTickersTest@78ffe6dc]" started-at="2026-03-02T21:01:26 IST" name="addTickersFromExcel" data-provider="multiSheetProvider" finished-at="2026-03-02T21:02:24 IST" duration-ms="57962" status="PASS">
          <params>
            <param index="0">
              <value>
                <![CDATA[MSFT]]>
              </value>
            </param>
          </params>
          <reporter-output>
          </reporter-output>
        </test-method> <!-- addTickersFromExcel -->
        <test-method signature="addTickersFromExcel(java.lang.String)[pri:0, instance:com.deltaone.tests.AddTickersTest@78ffe6dc]" started-at="2026-03-02T21:02:24 IST" name="addTickersFromExcel" data-provider="multiSheetProvider" finished-at="2026-03-02T21:03:03 IST" duration-ms="39338" status="PASS">
          <params>
            <param index="0">
              <value>
                <![CDATA[BRK/B]]>
              </value>
            </param>
          </params>
          <reporter-output>
          </reporter-output>
        </test-method> <!-- addTickersFromExcel -->
        <test-method signature="addTickersFromExcel(java.lang.String)[pri:0, instance:com.deltaone.tests.AddTickersTest@78ffe6dc]" started-at="2026-03-02T21:03:03 IST" name="addTickersFromExcel" data-provider="multiSheetProvider" finished-at="2026-03-02T21:03:35 IST" duration-ms="32062" status="PASS">
          <params>
            <param index="0">
              <value>
                <![CDATA[goog]]>
              </value>
            </param>
          </params>
          <reporter-output>
          </reporter-output>
        </test-method> <!-- addTickersFromExcel -->
        <test-method signature="addTickersFromExcel(java.lang.String)[pri:0, instance:com.deltaone.tests.AddTickersTest@78ffe6dc]" started-at="2026-03-02T21:03:35 IST" name="addTickersFromExcel" data-provider="multiSheetProvider" finished-at="2026-03-02T21:04:58 IST" duration-ms="82753" status="PASS">
          <params>
            <param index="0">
              <value>
                <![CDATA[bmo]]>
              </value>
            </param>
          </params>
          <reporter-output>
          </reporter-output>
        </test-method> <!-- addTickersFromExcel -->
        <test-method signature="addTickersFromExcel(java.lang.String)[pri:0, instance:com.deltaone.tests.AddTickersTest@78ffe6dc]" started-at="2026-03-02T21:04:58 IST" name="addTickersFromExcel" data-provider="multiSheetProvider" finished-at="2026-03-02T21:05:46 IST" duration-ms="48114" status="PASS">
          <params>
            <param index="0">
              <value>
                <![CDATA[BRK/B Dec26 210]]>
              </value>
            </param>
          </params>
          <reporter-output>
          </reporter-output>
        </test-method> <!-- addTickersFromExcel -->
        <test-method signature="addTickersFromExcel(java.lang.String)[pri:0, instance:com.deltaone.tests.AddTickersTest@78ffe6dc]" started-at="2026-03-02T21:05:46 IST" name="addTickersFromExcel" data-provider="multiSheetProvider" finished-at="2026-03-02T21:06:23 IST" duration-ms="36194" status="PASS">
          <params>
            <param index="0">
              <value>
                <![CDATA[Arkk jan28 45]]>
              </value>
            </param>
          </params>
          <reporter-output>
          </reporter-output>
        </test-method> <!-- addTickersFromExcel -->
        <test-method signature="addTickersFromExcel(java.lang.String)[pri:0, instance:com.deltaone.tests.AddTickersTest@78ffe6dc]" started-at="2026-03-02T21:06:23 IST" name="addTickersFromExcel" data-provider="multiSheetProvider" finished-at="2026-03-02T21:07:04 IST" duration-ms="41131" status="PASS">
          <params>
            <param index="0">
              <value>
                <![CDATA[achr mar 30 ef]]>
              </value>
            </param>
          </params>
          <reporter-output>
          </reporter-output>
        </test-method> <!-- addTickersFromExcel -->
        <test-method signature="addTickersFromExcel(java.lang.String)[pri:0, instance:com.deltaone.tests.AddTickersTest@78ffe6dc]" started-at="2026-03-02T21:07:04 IST" name="addTickersFromExcel" data-provider="multiSheetProvider" finished-at="2026-03-02T21:07:43 IST" duration-ms="39765" status="PASS">
          <params>
            <param index="0">
              <value>
                <![CDATA[achr mar 30 euroflex]]>
              </value>
            </param>
          </params>
          <reporter-output>
          </reporter-output>
        </test-method> <!-- addTickersFromExcel -->
        <test-method signature="addTickersFromExcel(java.lang.String)[pri:0, instance:com.deltaone.tests.AddTickersTest@78ffe6dc]" started-at="2026-03-02T21:07:43 IST" name="addTickersFromExcel" data-provider="multiSheetProvider" finished-at="2026-03-02T21:08:27 IST" duration-ms="43416" status="PASS">
          <params>
            <param index="0">
              <value>
                <![CDATA[achr mar 30 euro]]>
              </value>
            </param>
          </params>
          <reporter-output>
          </reporter-output>
        </test-method> <!-- addTickersFromExcel -->
        <test-method signature="addTickersFromExcel(java.lang.String)[pri:0, instance:com.deltaone.tests.AddTickersTest@78ffe6dc]" started-at="2026-03-02T21:08:27 IST" name="addTickersFromExcel" data-provider="multiSheetProvider" finished-at="2026-03-02T21:09:07 IST" duration-ms="39721" status="PASS">
          <params>
            <param index="0">
              <value>
                <![CDATA[AMD Dec-Jan 200 jr EF]]>
              </value>
            </param>
          </params>
          <reporter-output>
          </reporter-output>
        </test-method> <!-- addTickersFromExcel -->
        <test-method signature="addTickersFromExcel(java.lang.String)[pri:0, instance:com.deltaone.tests.AddTickersTest@78ffe6dc]" started-at="2026-03-02T21:09:07 IST" name="addTickersFromExcel" data-provider="multiSheetProvider" finished-at="2026-03-02T21:09:46 IST" duration-ms="39266" status="PASS">
          <params>
            <param index="0">
              <value>
                <![CDATA[GLD dec 361-mar 385 jroll euro]]>
              </value>
            </param>
          </params>
          <reporter-output>
          </reporter-output>
        </test-method> <!-- addTickersFromExcel -->
        <test-method signature="addTickersFromExcel(java.lang.String)[pri:0, instance:com.deltaone.tests.AddTickersTest@78ffe6dc]" started-at="2026-03-02T21:09:46 IST" name="addTickersFromExcel" data-provider="multiSheetProvider" finished-at="2026-03-02T21:10:23 IST" duration-ms="36702" status="PASS">
          <params>
            <param index="0">
              <value>
                <![CDATA[aapl dec 231-mar 280 euroflex jellyroll]]>
              </value>
            </param>
          </params>
          <reporter-output>
          </reporter-output>
        </test-method> <!-- addTickersFromExcel -->
        <test-method is-config="true" signature="tearDown()[pri:0, instance:com.deltaone.tests.AddTickersTest@78ffe6dc]" started-at="2026-03-02T21:10:23 IST" name="tearDown" finished-at="2026-03-02T21:10:23 IST" duration-ms="41" status="PASS">
          <reporter-output>
          </reporter-output>
        </test-method> <!-- tearDown -->
      </class> <!-- com.deltaone.tests.AddTickersTest -->
    </test> <!-- Desktop Tests -->
  </suite> <!-- Delta1 Automation Suite -->
</testng-results>
